2020-05-18 11:54:04,692 [Worker-0: Loading available Gradle versions] INFO  o.e.b.c.i.u.g.PublishedGradleVersions - Gradle version information cache is out-of-date. Trying to update.
2020-05-19 13:16:16,002 [Worker-4: Loading available Gradle versions] INFO  o.e.b.c.i.u.g.PublishedGradleVersions - Gradle version information cache is up-to-date. Trying to read.
2020-05-20 12:35:10,567 [Worker-5: Loading available Gradle versions] INFO  o.e.b.c.i.u.g.PublishedGradleVersions - Gradle version information cache is up-to-date. Trying to read.
2020-05-25 11:35:56,519 [Worker-2: Loading available Gradle versions] INFO  o.e.b.c.i.u.g.PublishedGradleVersions - Gradle version information cache is out-of-date. Trying to update.
2020-05-26 11:51:11,135 [Worker-3: Loading available Gradle versions] INFO  o.e.b.c.i.u.g.PublishedGradleVersions - Gradle version information cache is out-of-date. Trying to update.
2020-05-27 11:45:30,482 [Worker-0: Loading available Gradle versions] INFO  o.e.b.c.i.u.g.PublishedGradleVersions - Gradle version information cache is up-to-date. Trying to read.
2020-05-28 12:18:55,756 [Worker-1: Loading available Gradle versions] INFO  o.e.b.c.i.u.g.PublishedGradleVersions - Gradle version information cache is up-to-date. Trying to read.
2020-05-29 12:44:49,928 [Worker-3: Loading available Gradle versions] INFO  o.e.b.c.i.u.g.PublishedGradleVersions - Gradle version information cache is up-to-date. Trying to read.
2020-06-02 12:14:41,673 [Worker-0: Loading available Gradle versions] INFO  o.e.b.c.i.u.g.PublishedGradleVersions - Gradle version information cache is out-of-date. Trying to update.
2020-06-03 12:13:48,051 [Worker-3: Loading available Gradle versions] INFO  o.e.b.c.i.u.g.PublishedGradleVersions - Gradle version information cache is up-to-date. Trying to read.
2020-06-04 12:00:13,114 [Worker-0: Loading available Gradle versions] INFO  o.e.b.c.i.u.g.PublishedGradleVersions - Gradle version information cache is up-to-date. Trying to read.
2020-06-05 10:25:56,346 [Worker-2: Loading available Gradle versions] INFO  o.e.b.c.i.u.g.PublishedGradleVersions - Gradle version information cache is up-to-date. Trying to read.
2020-06-05 10:52:19,504 [Worker-9: Enabling Maven Dependency Management] INFO  o.e.m.c.i.l.LifecycleMappingFactory - Using org.eclipse.m2e.jdt.JarLifecycleMapping lifecycle mapping for MavenProject: 10Scheduling:10Scheduling:0.0.1-SNAPSHOT @ C:\udemy\JavaUdemyThreads\git-ws\java-ws\10Scheduling\pom.xml.
2020-06-05 10:52:21,392 [Worker-14: Building workspace] WARN  o.e.m.c.i.embedder.EclipseLogger - Using platform encoding (Cp1252 actually) to copy filtered resources, i.e. build is platform dependent!
2020-06-05 10:52:21,416 [Worker-14: Building workspace] INFO  o.e.m.c.i.embedder.EclipseLogger - skip non existing resourceDirectory C:\udemy\JavaUdemyThreads\git-ws\java-ws\10Scheduling\src\main\resources
2020-06-05 10:52:21,419 [Worker-14: Building workspace] WARN  o.e.m.c.i.embedder.EclipseLogger - Using platform encoding (Cp1252 actually) to copy filtered resources, i.e. build is platform dependent!
2020-06-05 10:52:21,429 [Worker-14: Building workspace] INFO  o.e.m.c.i.embedder.EclipseLogger - skip non existing resourceDirectory C:\udemy\JavaUdemyThreads\git-ws\java-ws\10Scheduling\src\test\resources
2020-06-05 10:52:21,449 [Worker-9: Enabling Maven Dependency Management] INFO  o.e.m.j.i.AbstractJavaProjectConfigurator - Adding source folder /10Scheduling/src
2020-06-05 10:52:21,454 [Worker-9: Enabling Maven Dependency Management] INFO  o.e.m.j.i.AbstractJavaProjectConfigurator - Not adding source folder /10Scheduling/src/test/java because it overlaps with /10Scheduling/src
2020-06-05 10:52:21,793 [Worker-9: Enabling Maven Dependency Management] INFO  o.e.m.c.i.p.ProjectConfigurationManager - Update started
2020-06-05 10:52:22,654 [Worker-9: Enabling Maven Dependency Management] INFO  o.e.m.c.i.l.LifecycleMappingFactory - Using org.eclipse.m2e.jdt.JarLifecycleMapping lifecycle mapping for MavenProject: 10Scheduling:10Scheduling:0.0.1-SNAPSHOT @ C:\udemy\JavaUdemyThreads\git-ws\java-ws\10Scheduling\pom.xml.
2020-06-05 10:52:23,288 [Worker-9: Enabling Maven Dependency Management] INFO  o.e.m.j.i.AbstractJavaProjectConfigurator - Adding source folder /10Scheduling/src
2020-06-05 10:52:23,288 [Worker-9: Enabling Maven Dependency Management] INFO  o.e.m.j.i.AbstractJavaProjectConfigurator - Not adding source folder /10Scheduling/src/test/java because it overlaps with /10Scheduling/src
2020-06-05 10:52:23,472 [Worker-9: Enabling Maven Dependency Management] INFO  o.e.m.c.i.p.ProjectConfigurationManager - Update completed: 1 sec
2020-06-05 10:52:23,650 [Worker-0: Building workspace] WARN  o.e.m.c.i.embedder.EclipseLogger - Using platform encoding (Cp1252 actually) to copy filtered resources, i.e. build is platform dependent!
2020-06-05 10:52:23,657 [Worker-0: Building workspace] INFO  o.e.m.c.i.embedder.EclipseLogger - skip non existing resourceDirectory C:\udemy\JavaUdemyThreads\git-ws\java-ws\10Scheduling\src\main\resources
2020-06-05 10:52:23,659 [Worker-0: Building workspace] WARN  o.e.m.c.i.embedder.EclipseLogger - Using platform encoding (Cp1252 actually) to copy filtered resources, i.e. build is platform dependent!
2020-06-05 10:52:23,672 [Worker-0: Building workspace] INFO  o.e.m.c.i.embedder.EclipseLogger - skip non existing resourceDirectory C:\udemy\JavaUdemyThreads\git-ws\java-ws\10Scheduling\src\test\resources
2020-06-05 10:52:50,053 [Worker-0: Building workspace] INFO  o.e.m.c.i.l.LifecycleMappingFactory - Using org.eclipse.m2e.jdt.JarLifecycleMapping lifecycle mapping for MavenProject: 10Scheduling:10Scheduling:0.0.1-SNAPSHOT @ C:\udemy\JavaUdemyThreads\git-ws\java-ws\10Scheduling\pom.xml.
2020-06-05 10:52:50,758 [Worker-0: Building workspace] INFO  o.e.m.c.i.e.AbstractTransferListenerAdapter - Downloading https://artifactory2.eitco.de/artifactory/repos-common/com/pervasivecode/java-time-utils/0.9/java-time-utils-0.9.pom
2020-06-05 10:52:50,772 [Worker-0: Building workspace] INFO  o.e.m.c.i.e.AbstractTransferListenerAdapter - Downloaded https://artifactory2.eitco.de/artifactory/repos-common/com/pervasivecode/java-time-utils/0.9/java-time-utils-0.9.pom
2020-06-05 10:52:50,978 [Worker-0: Building workspace] INFO  o.e.m.c.i.e.AbstractTransferListenerAdapter - Downloading https://artifactory2.eitco.de/artifactory/repos-common/com/pervasivecode/java-time-utils/0.9/java-time-utils-0.9.jar
2020-06-05 10:52:51,024 [Worker-0: Building workspace] INFO  o.e.m.c.i.e.AbstractTransferListenerAdapter - Downloaded https://artifactory2.eitco.de/artifactory/repos-common/com/pervasivecode/java-time-utils/0.9/java-time-utils-0.9.jar
2020-06-05 10:52:51,464 [Worker-0: Building workspace] WARN  o.e.m.c.i.embedder.EclipseLogger - Using platform encoding (Cp1252 actually) to copy filtered resources, i.e. build is platform dependent!
2020-06-05 10:52:51,471 [Worker-0: Building workspace] INFO  o.e.m.c.i.embedder.EclipseLogger - skip non existing resourceDirectory C:\udemy\JavaUdemyThreads\git-ws\java-ws\10Scheduling\src\main\resources
2020-06-05 10:52:51,473 [Worker-0: Building workspace] WARN  o.e.m.c.i.embedder.EclipseLogger - Using platform encoding (Cp1252 actually) to copy filtered resources, i.e. build is platform dependent!
2020-06-05 10:52:51,481 [Worker-0: Building workspace] INFO  o.e.m.c.i.embedder.EclipseLogger - skip non existing resourceDirectory C:\udemy\JavaUdemyThreads\git-ws\java-ws\10Scheduling\src\test\resources
2020-06-05 10:52:52,394 [Worker-0: Download sources and javadoc] INFO  o.e.m.c.i.e.AbstractTransferListenerAdapter - Downloading https://artifactory2.eitco.de/artifactory/repos-common/com/pervasivecode/java-time-utils/0.9/java-time-utils-0.9-sources.jar
2020-06-05 10:52:52,424 [Worker-0: Download sources and javadoc] INFO  o.e.m.c.i.e.AbstractTransferListenerAdapter - Downloaded https://artifactory2.eitco.de/artifactory/repos-common/com/pervasivecode/java-time-utils/0.9/java-time-utils-0.9-sources.jar
2020-06-05 10:52:52,505 [Worker-0: Download sources and javadoc] INFO  o.e.m.j.internal.DownloadSourcesJob - Downloaded sources for com.pervasivecode:java-time-utils:0.9
2020-06-05 10:52:52,528 [Worker-0: Download sources and javadoc] INFO  o.e.m.c.i.e.AbstractTransferListenerAdapter - Downloading https://artifactory2.eitco.de/artifactory/repos-common/com/google/code/findbugs/jsr305/3.0.2/jsr305-3.0.2-sources.jar
2020-06-05 10:52:52,577 [Worker-0: Download sources and javadoc] INFO  o.e.m.c.i.e.AbstractTransferListenerAdapter - Downloaded https://artifactory2.eitco.de/artifactory/repos-common/com/google/code/findbugs/jsr305/3.0.2/jsr305-3.0.2-sources.jar
2020-06-05 10:52:52,642 [Worker-17: Building workspace] WARN  o.e.m.c.i.embedder.EclipseLogger - Using platform encoding (Cp1252 actually) to copy filtered resources, i.e. build is platform dependent!
2020-06-05 10:52:52,650 [Worker-17: Building workspace] INFO  o.e.m.c.i.embedder.EclipseLogger - skip non existing resourceDirectory C:\udemy\JavaUdemyThreads\git-ws\java-ws\10Scheduling\src\main\resources
2020-06-05 10:52:52,651 [Worker-17: Building workspace] WARN  o.e.m.c.i.embedder.EclipseLogger - Using platform encoding (Cp1252 actually) to copy filtered resources, i.e. build is platform dependent!
2020-06-05 10:52:52,661 [Worker-17: Building workspace] INFO  o.e.m.c.i.embedder.EclipseLogger - skip non existing resourceDirectory C:\udemy\JavaUdemyThreads\git-ws\java-ws\10Scheduling\src\test\resources
2020-06-05 10:52:52,731 [Worker-0: Download sources and javadoc] INFO  o.e.m.j.internal.DownloadSourcesJob - Downloaded sources for com.google.code.findbugs:jsr305:3.0.2
2020-06-05 10:52:53,701 [Worker-18: Building workspace] WARN  o.e.m.c.i.embedder.EclipseLogger - Using platform encoding (Cp1252 actually) to copy filtered resources, i.e. build is platform dependent!
2020-06-05 10:52:53,706 [Worker-18: Building workspace] INFO  o.e.m.c.i.embedder.EclipseLogger - skip non existing resourceDirectory C:\udemy\JavaUdemyThreads\git-ws\java-ws\10Scheduling\src\main\resources
2020-06-05 10:52:53,707 [Worker-18: Building workspace] WARN  o.e.m.c.i.embedder.EclipseLogger - Using platform encoding (Cp1252 actually) to copy filtered resources, i.e. build is platform dependent!
2020-06-05 10:52:53,714 [Worker-18: Building workspace] INFO  o.e.m.c.i.embedder.EclipseLogger - skip non existing resourceDirectory C:\udemy\JavaUdemyThreads\git-ws\java-ws\10Scheduling\src\test\resources
2020-06-05 10:52:55,895 [Worker-17: Building workspace] WARN  o.e.m.c.i.embedder.EclipseLogger - Using platform encoding (Cp1252 actually) to copy filtered resources, i.e. build is platform dependent!
2020-06-05 10:52:55,904 [Worker-17: Building workspace] INFO  o.e.m.c.i.embedder.EclipseLogger - skip non existing resourceDirectory C:\udemy\JavaUdemyThreads\git-ws\java-ws\10Scheduling\src\main\resources
2020-06-05 10:52:55,905 [Worker-17: Building workspace] WARN  o.e.m.c.i.embedder.EclipseLogger - Using platform encoding (Cp1252 actually) to copy filtered resources, i.e. build is platform dependent!
2020-06-05 10:52:55,929 [Worker-17: Building workspace] INFO  o.e.m.c.i.embedder.EclipseLogger - skip non existing resourceDirectory C:\udemy\JavaUdemyThreads\git-ws\java-ws\10Scheduling\src\test\resources
2020-06-05 10:53:07,194 [Worker-17: Updating Maven Project] INFO  o.e.m.c.i.p.ProjectConfigurationManager - Update started
2020-06-05 10:53:07,632 [Worker-17: Updating Maven Project] INFO  o.e.m.c.i.l.LifecycleMappingFactory - Using org.eclipse.m2e.jdt.JarLifecycleMapping lifecycle mapping for MavenProject: 10Scheduling:10Scheduling:0.0.1-SNAPSHOT @ C:\udemy\JavaUdemyThreads\git-ws\java-ws\10Scheduling\pom.xml.
2020-06-05 10:53:07,914 [Worker-17: Updating Maven Project] INFO  o.e.m.j.i.AbstractJavaProjectConfigurator - Adding source folder /10Scheduling/src
2020-06-05 10:53:07,915 [Worker-17: Updating Maven Project] INFO  o.e.m.j.i.AbstractJavaProjectConfigurator - Not adding source folder /10Scheduling/src/test/java because it overlaps with /10Scheduling/src
2020-06-05 10:53:08,036 [Worker-17: Updating Maven Project] INFO  o.e.m.c.i.p.ProjectConfigurationManager - Update completed: 0 sec
2020-06-05 10:53:08,284 [Worker-15: Building workspace] WARN  o.e.m.c.i.embedder.EclipseLogger - Using platform encoding (Cp1252 actually) to copy filtered resources, i.e. build is platform dependent!
2020-06-05 10:53:08,289 [Worker-15: Building workspace] INFO  o.e.m.c.i.embedder.EclipseLogger - skip non existing resourceDirectory C:\udemy\JavaUdemyThreads\git-ws\java-ws\10Scheduling\src\main\resources
2020-06-05 10:53:08,291 [Worker-15: Building workspace] WARN  o.e.m.c.i.embedder.EclipseLogger - Using platform encoding (Cp1252 actually) to copy filtered resources, i.e. build is platform dependent!
2020-06-05 10:53:08,298 [Worker-15: Building workspace] INFO  o.e.m.c.i.embedder.EclipseLogger - skip non existing resourceDirectory C:\udemy\JavaUdemyThreads\git-ws\java-ws\10Scheduling\src\test\resources
2020-06-05 10:53:36,154 [Worker-14: Building workspace] WARN  o.e.m.c.i.embedder.EclipseLogger - Using platform encoding (Cp1252 actually) to copy filtered resources, i.e. build is platform dependent!
2020-06-05 10:53:36,161 [Worker-14: Building workspace] INFO  o.e.m.c.i.embedder.EclipseLogger - skip non existing resourceDirectory C:\udemy\JavaUdemyThreads\git-ws\java-ws\10Scheduling\src\main\resources
2020-06-05 10:53:36,162 [Worker-14: Building workspace] WARN  o.e.m.c.i.embedder.EclipseLogger - Using platform encoding (Cp1252 actually) to copy filtered resources, i.e. build is platform dependent!
2020-06-05 10:53:36,168 [Worker-14: Building workspace] INFO  o.e.m.c.i.embedder.EclipseLogger - skip non existing resourceDirectory C:\udemy\JavaUdemyThreads\git-ws\java-ws\10Scheduling\src\test\resources
2020-06-05 10:53:45,376 [Worker-17: Building workspace] WARN  o.e.m.c.i.embedder.EclipseLogger - Using platform encoding (Cp1252 actually) to copy filtered resources, i.e. build is platform dependent!
2020-06-05 10:53:45,383 [Worker-17: Building workspace] INFO  o.e.m.c.i.embedder.EclipseLogger - skip non existing resourceDirectory C:\udemy\JavaUdemyThreads\git-ws\java-ws\10Scheduling\src\main\resources
2020-06-05 10:53:45,384 [Worker-17: Building workspace] WARN  o.e.m.c.i.embedder.EclipseLogger - Using platform encoding (Cp1252 actually) to copy filtered resources, i.e. build is platform dependent!
2020-06-05 10:53:45,391 [Worker-17: Building workspace] INFO  o.e.m.c.i.embedder.EclipseLogger - skip non existing resourceDirectory C:\udemy\JavaUdemyThreads\git-ws\java-ws\10Scheduling\src\test\resources
2020-06-05 10:53:59,827 [Worker-15: Building workspace] WARN  o.e.m.c.i.embedder.EclipseLogger - Using platform encoding (Cp1252 actually) to copy filtered resources, i.e. build is platform dependent!
2020-06-05 10:53:59,837 [Worker-15: Building workspace] INFO  o.e.m.c.i.embedder.EclipseLogger - skip non existing resourceDirectory C:\udemy\JavaUdemyThreads\git-ws\java-ws\10Scheduling\src\main\resources
2020-06-05 10:53:59,839 [Worker-15: Building workspace] WARN  o.e.m.c.i.embedder.EclipseLogger - Using platform encoding (Cp1252 actually) to copy filtered resources, i.e. build is platform dependent!
2020-06-05 10:53:59,848 [Worker-15: Building workspace] INFO  o.e.m.c.i.embedder.EclipseLogger - skip non existing resourceDirectory C:\udemy\JavaUdemyThreads\git-ws\java-ws\10Scheduling\src\test\resources
2020-06-05 10:56:50,536 [Worker-0: Building workspace] INFO  o.e.m.c.i.l.LifecycleMappingFactory - Using org.eclipse.m2e.jdt.JarLifecycleMapping lifecycle mapping for MavenProject: 10Scheduling:10Scheduling:0.0.1-SNAPSHOT @ C:\udemy\JavaUdemyThreads\git-ws\java-ws\10Scheduling\pom.xml.
2020-06-05 10:56:50,959 [Worker-0: Building workspace] WARN  o.e.m.c.i.embedder.EclipseLogger - Using platform encoding (Cp1252 actually) to copy filtered resources, i.e. build is platform dependent!
2020-06-05 10:56:50,976 [Worker-0: Building workspace] INFO  o.e.m.c.i.embedder.EclipseLogger - skip non existing resourceDirectory C:\udemy\JavaUdemyThreads\git-ws\java-ws\10Scheduling\src\main\resources
2020-06-05 10:56:50,978 [Worker-0: Building workspace] WARN  o.e.m.c.i.embedder.EclipseLogger - Using platform encoding (Cp1252 actually) to copy filtered resources, i.e. build is platform dependent!
2020-06-05 10:56:50,989 [Worker-0: Building workspace] INFO  o.e.m.c.i.embedder.EclipseLogger - skip non existing resourceDirectory C:\udemy\JavaUdemyThreads\git-ws\java-ws\10Scheduling\src\test\resources
2020-06-05 10:56:52,120 [Worker-14: Building workspace] WARN  o.e.m.c.i.embedder.EclipseLogger - Using platform encoding (Cp1252 actually) to copy filtered resources, i.e. build is platform dependent!
2020-06-05 10:56:52,143 [Worker-14: Building workspace] INFO  o.e.m.c.i.embedder.EclipseLogger - skip non existing resourceDirectory C:\udemy\JavaUdemyThreads\git-ws\java-ws\10Scheduling\src\main\resources
2020-06-05 10:56:52,145 [Worker-14: Building workspace] WARN  o.e.m.c.i.embedder.EclipseLogger - Using platform encoding (Cp1252 actually) to copy filtered resources, i.e. build is platform dependent!
2020-06-05 10:56:52,160 [Worker-14: Building workspace] INFO  o.e.m.c.i.embedder.EclipseLogger - skip non existing resourceDirectory C:\udemy\JavaUdemyThreads\git-ws\java-ws\10Scheduling\src\test\resources
2020-06-05 10:58:19,990 [Worker-20: Building workspace] WARN  o.e.m.c.i.embedder.EclipseLogger - Using platform encoding (Cp1252 actually) to copy filtered resources, i.e. build is platform dependent!
2020-06-05 10:58:19,997 [Worker-20: Building workspace] INFO  o.e.m.c.i.embedder.EclipseLogger - skip non existing resourceDirectory C:\udemy\JavaUdemyThreads\git-ws\java-ws\10Scheduling\src\main\resources
2020-06-05 10:58:19,998 [Worker-20: Building workspace] WARN  o.e.m.c.i.embedder.EclipseLogger - Using platform encoding (Cp1252 actually) to copy filtered resources, i.e. build is platform dependent!
2020-06-05 10:58:20,004 [Worker-20: Building workspace] INFO  o.e.m.c.i.embedder.EclipseLogger - skip non existing resourceDirectory C:\udemy\JavaUdemyThreads\git-ws\java-ws\10Scheduling\src\test\resources
2020-06-05 11:07:13,346 [Worker-20: Building workspace] WARN  o.e.m.c.i.embedder.EclipseLogger - Using platform encoding (Cp1252 actually) to copy filtered resources, i.e. build is platform dependent!
2020-06-05 11:07:13,356 [Worker-20: Building workspace] INFO  o.e.m.c.i.embedder.EclipseLogger - skip non existing resourceDirectory C:\udemy\JavaUdemyThreads\git-ws\java-ws\10Scheduling\src\main\resources
2020-06-05 11:07:13,357 [Worker-20: Building workspace] WARN  o.e.m.c.i.embedder.EclipseLogger - Using platform encoding (Cp1252 actually) to copy filtered resources, i.e. build is platform dependent!
2020-06-05 11:07:13,372 [Worker-20: Building workspace] INFO  o.e.m.c.i.embedder.EclipseLogger - skip non existing resourceDirectory C:\udemy\JavaUdemyThreads\git-ws\java-ws\10Scheduling\src\test\resources
2020-06-05 11:09:59,232 [Worker-21: Building workspace] WARN  o.e.m.c.i.embedder.EclipseLogger - Using platform encoding (Cp1252 actually) to copy filtered resources, i.e. build is platform dependent!
2020-06-05 11:09:59,240 [Worker-21: Building workspace] INFO  o.e.m.c.i.embedder.EclipseLogger - skip non existing resourceDirectory C:\udemy\JavaUdemyThreads\git-ws\java-ws\10Scheduling\src\main\resources
2020-06-05 11:09:59,242 [Worker-21: Building workspace] WARN  o.e.m.c.i.embedder.EclipseLogger - Using platform encoding (Cp1252 actually) to copy filtered resources, i.e. build is platform dependent!
2020-06-05 11:09:59,250 [Worker-21: Building workspace] INFO  o.e.m.c.i.embedder.EclipseLogger - skip non existing resourceDirectory C:\udemy\JavaUdemyThreads\git-ws\java-ws\10Scheduling\src\test\resources
2020-06-05 11:12:35,139 [Worker-24: Building workspace] WARN  o.e.m.c.i.embedder.EclipseLogger - Using platform encoding (Cp1252 actually) to copy filtered resources, i.e. build is platform dependent!
2020-06-05 11:12:35,146 [Worker-24: Building workspace] INFO  o.e.m.c.i.embedder.EclipseLogger - skip non existing resourceDirectory C:\udemy\JavaUdemyThreads\git-ws\java-ws\10Scheduling\src\main\resources
2020-06-05 11:12:35,148 [Worker-24: Building workspace] WARN  o.e.m.c.i.embedder.EclipseLogger - Using platform encoding (Cp1252 actually) to copy filtered resources, i.e. build is platform dependent!
2020-06-05 11:12:35,157 [Worker-24: Building workspace] INFO  o.e.m.c.i.embedder.EclipseLogger - skip non existing resourceDirectory C:\udemy\JavaUdemyThreads\git-ws\java-ws\10Scheduling\src\test\resources
2020-06-05 11:15:31,079 [Worker-21: Building workspace] WARN  o.e.m.c.i.embedder.EclipseLogger - Using platform encoding (Cp1252 actually) to copy filtered resources, i.e. build is platform dependent!
2020-06-05 11:15:31,085 [Worker-21: Building workspace] INFO  o.e.m.c.i.embedder.EclipseLogger - skip non existing resourceDirectory C:\udemy\JavaUdemyThreads\git-ws\java-ws\10Scheduling\src\main\resources
2020-06-05 11:15:31,087 [Worker-21: Building workspace] WARN  o.e.m.c.i.embedder.EclipseLogger - Using platform encoding (Cp1252 actually) to copy filtered resources, i.e. build is platform dependent!
2020-06-05 11:15:31,095 [Worker-21: Building workspace] INFO  o.e.m.c.i.embedder.EclipseLogger - skip non existing resourceDirectory C:\udemy\JavaUdemyThreads\git-ws\java-ws\10Scheduling\src\test\resources
2020-06-05 11:16:09,294 [Worker-20: Building workspace] WARN  o.e.m.c.i.embedder.EclipseLogger - Using platform encoding (Cp1252 actually) to copy filtered resources, i.e. build is platform dependent!
2020-06-05 11:16:09,304 [Worker-20: Building workspace] INFO  o.e.m.c.i.embedder.EclipseLogger - skip non existing resourceDirectory C:\udemy\JavaUdemyThreads\git-ws\java-ws\10Scheduling\src\main\resources
2020-06-05 11:16:09,306 [Worker-20: Building workspace] WARN  o.e.m.c.i.embedder.EclipseLogger - Using platform encoding (Cp1252 actually) to copy filtered resources, i.e. build is platform dependent!
2020-06-05 11:16:09,376 [Worker-20: Building workspace] INFO  o.e.m.c.i.embedder.EclipseLogger - skip non existing resourceDirectory C:\udemy\JavaUdemyThreads\git-ws\java-ws\10Scheduling\src\test\resources
2020-06-05 11:19:12,013 [Worker-26: Building workspace] WARN  o.e.m.c.i.embedder.EclipseLogger - Using platform encoding (Cp1252 actually) to copy filtered resources, i.e. build is platform dependent!
2020-06-05 11:19:12,030 [Worker-26: Building workspace] INFO  o.e.m.c.i.embedder.EclipseLogger - skip non existing resourceDirectory C:\udemy\JavaUdemyThreads\git-ws\java-ws\10Scheduling\src\main\resources
2020-06-05 11:19:12,031 [Worker-26: Building workspace] WARN  o.e.m.c.i.embedder.EclipseLogger - Using platform encoding (Cp1252 actually) to copy filtered resources, i.e. build is platform dependent!
2020-06-05 11:19:12,039 [Worker-26: Building workspace] INFO  o.e.m.c.i.embedder.EclipseLogger - skip non existing resourceDirectory C:\udemy\JavaUdemyThreads\git-ws\java-ws\10Scheduling\src\test\resources
2020-06-05 11:33:15,407 [Worker-20: Building workspace] WARN  o.e.m.c.i.embedder.EclipseLogger - Using platform encoding (Cp1252 actually) to copy filtered resources, i.e. build is platform dependent!
2020-06-05 11:33:15,413 [Worker-20: Building workspace] INFO  o.e.m.c.i.embedder.EclipseLogger - skip non existing resourceDirectory C:\udemy\JavaUdemyThreads\git-ws\java-ws\10Scheduling\src\main\resources
2020-06-05 11:33:15,414 [Worker-20: Building workspace] WARN  o.e.m.c.i.embedder.EclipseLogger - Using platform encoding (Cp1252 actually) to copy filtered resources, i.e. build is platform dependent!
2020-06-05 11:33:15,422 [Worker-20: Building workspace] INFO  o.e.m.c.i.embedder.EclipseLogger - skip non existing resourceDirectory C:\udemy\JavaUdemyThreads\git-ws\java-ws\10Scheduling\src\test\resources
2020-06-05 11:35:56,187 [Worker-21: Building workspace] WARN  o.e.m.c.i.embedder.EclipseLogger - Using platform encoding (Cp1252 actually) to copy filtered resources, i.e. build is platform dependent!
2020-06-05 11:35:56,195 [Worker-21: Building workspace] INFO  o.e.m.c.i.embedder.EclipseLogger - skip non existing resourceDirectory C:\udemy\JavaUdemyThreads\git-ws\java-ws\10Scheduling\src\main\resources
2020-06-05 11:35:56,196 [Worker-21: Building workspace] WARN  o.e.m.c.i.embedder.EclipseLogger - Using platform encoding (Cp1252 actually) to copy filtered resources, i.e. build is platform dependent!
2020-06-05 11:35:56,210 [Worker-21: Building workspace] INFO  o.e.m.c.i.embedder.EclipseLogger - skip non existing resourceDirectory C:\udemy\JavaUdemyThreads\git-ws\java-ws\10Scheduling\src\test\resources
2020-06-05 11:36:41,969 [Worker-28: Building workspace] WARN  o.e.m.c.i.embedder.EclipseLogger - Using platform encoding (Cp1252 actually) to copy filtered resources, i.e. build is platform dependent!
2020-06-05 11:36:41,978 [Worker-28: Building workspace] INFO  o.e.m.c.i.embedder.EclipseLogger - skip non existing resourceDirectory C:\udemy\JavaUdemyThreads\git-ws\java-ws\10Scheduling\src\main\resources
2020-06-05 11:36:41,983 [Worker-28: Building workspace] WARN  o.e.m.c.i.embedder.EclipseLogger - Using platform encoding (Cp1252 actually) to copy filtered resources, i.e. build is platform dependent!
2020-06-05 11:36:41,996 [Worker-28: Building workspace] INFO  o.e.m.c.i.embedder.EclipseLogger - skip non existing resourceDirectory C:\udemy\JavaUdemyThreads\git-ws\java-ws\10Scheduling\src\test\resources
2020-06-05 11:37:47,312 [Worker-23: Building workspace] WARN  o.e.m.c.i.embedder.EclipseLogger - Using platform encoding (Cp1252 actually) to copy filtered resources, i.e. build is platform dependent!
2020-06-05 11:37:47,320 [Worker-23: Building workspace] INFO  o.e.m.c.i.embedder.EclipseLogger - skip non existing resourceDirectory C:\udemy\JavaUdemyThreads\git-ws\java-ws\10Scheduling\src\main\resources
2020-06-05 11:37:47,322 [Worker-23: Building workspace] WARN  o.e.m.c.i.embedder.EclipseLogger - Using platform encoding (Cp1252 actually) to copy filtered resources, i.e. build is platform dependent!
2020-06-05 11:37:47,330 [Worker-23: Building workspace] INFO  o.e.m.c.i.embedder.EclipseLogger - skip non existing resourceDirectory C:\udemy\JavaUdemyThreads\git-ws\java-ws\10Scheduling\src\test\resources
2020-06-05 11:38:40,627 [Worker-23: Building workspace] WARN  o.e.m.c.i.embedder.EclipseLogger - Using platform encoding (Cp1252 actually) to copy filtered resources, i.e. build is platform dependent!
2020-06-05 11:38:40,637 [Worker-23: Building workspace] INFO  o.e.m.c.i.embedder.EclipseLogger - skip non existing resourceDirectory C:\udemy\JavaUdemyThreads\git-ws\java-ws\10Scheduling\src\main\resources
2020-06-05 11:38:40,638 [Worker-23: Building workspace] WARN  o.e.m.c.i.embedder.EclipseLogger - Using platform encoding (Cp1252 actually) to copy filtered resources, i.e. build is platform dependent!
2020-06-05 11:38:40,645 [Worker-23: Building workspace] INFO  o.e.m.c.i.embedder.EclipseLogger - skip non existing resourceDirectory C:\udemy\JavaUdemyThreads\git-ws\java-ws\10Scheduling\src\test\resources
2020-06-05 11:40:35,643 [Worker-23: Building workspace] WARN  o.e.m.c.i.embedder.EclipseLogger - Using platform encoding (Cp1252 actually) to copy filtered resources, i.e. build is platform dependent!
2020-06-05 11:40:35,651 [Worker-23: Building workspace] INFO  o.e.m.c.i.embedder.EclipseLogger - skip non existing resourceDirectory C:\udemy\JavaUdemyThreads\git-ws\java-ws\10Scheduling\src\main\resources
2020-06-05 11:40:35,652 [Worker-23: Building workspace] WARN  o.e.m.c.i.embedder.EclipseLogger - Using platform encoding (Cp1252 actually) to copy filtered resources, i.e. build is platform dependent!
2020-06-05 11:40:35,659 [Worker-23: Building workspace] INFO  o.e.m.c.i.embedder.EclipseLogger - skip non existing resourceDirectory C:\udemy\JavaUdemyThreads\git-ws\java-ws\10Scheduling\src\test\resources
2020-06-05 11:40:41,992 [Worker-31: Building workspace] WARN  o.e.m.c.i.embedder.EclipseLogger - Using platform encoding (Cp1252 actually) to copy filtered resources, i.e. build is platform dependent!
2020-06-05 11:40:42,002 [Worker-31: Building workspace] INFO  o.e.m.c.i.embedder.EclipseLogger - skip non existing resourceDirectory C:\udemy\JavaUdemyThreads\git-ws\java-ws\10Scheduling\src\main\resources
2020-06-05 11:40:42,003 [Worker-31: Building workspace] WARN  o.e.m.c.i.embedder.EclipseLogger - Using platform encoding (Cp1252 actually) to copy filtered resources, i.e. build is platform dependent!
2020-06-05 11:40:42,009 [Worker-31: Building workspace] INFO  o.e.m.c.i.embedder.EclipseLogger - skip non existing resourceDirectory C:\udemy\JavaUdemyThreads\git-ws\java-ws\10Scheduling\src\test\resources
2020-06-05 11:42:01,407 [Worker-28: Building workspace] WARN  o.e.m.c.i.embedder.EclipseLogger - Using platform encoding (Cp1252 actually) to copy filtered resources, i.e. build is platform dependent!
2020-06-05 11:42:01,416 [Worker-28: Building workspace] INFO  o.e.m.c.i.embedder.EclipseLogger - skip non existing resourceDirectory C:\udemy\JavaUdemyThreads\git-ws\java-ws\10Scheduling\src\main\resources
2020-06-05 11:42:01,417 [Worker-28: Building workspace] WARN  o.e.m.c.i.embedder.EclipseLogger - Using platform encoding (Cp1252 actually) to copy filtered resources, i.e. build is platform dependent!
2020-06-05 11:42:01,425 [Worker-28: Building workspace] INFO  o.e.m.c.i.embedder.EclipseLogger - skip non existing resourceDirectory C:\udemy\JavaUdemyThreads\git-ws\java-ws\10Scheduling\src\test\resources
2020-06-05 11:48:40,241 [Worker-28: Building workspace] WARN  o.e.m.c.i.embedder.EclipseLogger - Using platform encoding (Cp1252 actually) to copy filtered resources, i.e. build is platform dependent!
2020-06-05 11:48:40,250 [Worker-28: Building workspace] INFO  o.e.m.c.i.embedder.EclipseLogger - skip non existing resourceDirectory C:\udemy\JavaUdemyThreads\git-ws\java-ws\10Scheduling\src\main\resources
2020-06-05 11:48:40,251 [Worker-28: Building workspace] WARN  o.e.m.c.i.embedder.EclipseLogger - Using platform encoding (Cp1252 actually) to copy filtered resources, i.e. build is platform dependent!
2020-06-05 11:48:40,261 [Worker-28: Building workspace] INFO  o.e.m.c.i.embedder.EclipseLogger - skip non existing resourceDirectory C:\udemy\JavaUdemyThreads\git-ws\java-ws\10Scheduling\src\test\resources
2020-06-05 11:49:49,367 [Worker-27: Building workspace] WARN  o.e.m.c.i.embedder.EclipseLogger - Using platform encoding (Cp1252 actually) to copy filtered resources, i.e. build is platform dependent!
2020-06-05 11:49:49,377 [Worker-27: Building workspace] INFO  o.e.m.c.i.embedder.EclipseLogger - skip non existing resourceDirectory C:\udemy\JavaUdemyThreads\git-ws\java-ws\10Scheduling\src\main\resources
2020-06-05 11:49:49,379 [Worker-27: Building workspace] WARN  o.e.m.c.i.embedder.EclipseLogger - Using platform encoding (Cp1252 actually) to copy filtered resources, i.e. build is platform dependent!
2020-06-05 11:49:49,385 [Worker-27: Building workspace] INFO  o.e.m.c.i.embedder.EclipseLogger - skip non existing resourceDirectory C:\udemy\JavaUdemyThreads\git-ws\java-ws\10Scheduling\src\test\resources
2020-06-05 11:52:58,545 [Worker-31: Building workspace] WARN  o.e.m.c.i.embedder.EclipseLogger - Using platform encoding (Cp1252 actually) to copy filtered resources, i.e. build is platform dependent!
2020-06-05 11:52:58,582 [Worker-31: Building workspace] INFO  o.e.m.c.i.embedder.EclipseLogger - skip non existing resourceDirectory C:\udemy\JavaUdemyThreads\git-ws\java-ws\10Scheduling\src\main\resources
2020-06-05 11:52:58,585 [Worker-31: Building workspace] WARN  o.e.m.c.i.embedder.EclipseLogger - Using platform encoding (Cp1252 actually) to copy filtered resources, i.e. build is platform dependent!
2020-06-05 11:52:58,594 [Worker-31: Building workspace] INFO  o.e.m.c.i.embedder.EclipseLogger - skip non existing resourceDirectory C:\udemy\JavaUdemyThreads\git-ws\java-ws\10Scheduling\src\test\resources
2020-06-05 11:55:24,806 [Worker-31: Building workspace] WARN  o.e.m.c.i.embedder.EclipseLogger - Using platform encoding (Cp1252 actually) to copy filtered resources, i.e. build is platform dependent!
2020-06-05 11:55:24,815 [Worker-31: Building workspace] INFO  o.e.m.c.i.embedder.EclipseLogger - skip non existing resourceDirectory C:\udemy\JavaUdemyThreads\git-ws\java-ws\10Scheduling\src\main\resources
2020-06-05 11:55:24,816 [Worker-31: Building workspace] WARN  o.e.m.c.i.embedder.EclipseLogger - Using platform encoding (Cp1252 actually) to copy filtered resources, i.e. build is platform dependent!
2020-06-05 11:55:24,823 [Worker-31: Building workspace] INFO  o.e.m.c.i.embedder.EclipseLogger - skip non existing resourceDirectory C:\udemy\JavaUdemyThreads\git-ws\java-ws\10Scheduling\src\test\resources
2020-06-05 11:55:33,669 [Worker-34: Building workspace] WARN  o.e.m.c.i.embedder.EclipseLogger - Using platform encoding (Cp1252 actually) to copy filtered resources, i.e. build is platform dependent!
2020-06-05 11:55:33,674 [Worker-34: Building workspace] INFO  o.e.m.c.i.embedder.EclipseLogger - skip non existing resourceDirectory C:\udemy\JavaUdemyThreads\git-ws\java-ws\10Scheduling\src\main\resources
2020-06-05 11:55:33,676 [Worker-34: Building workspace] WARN  o.e.m.c.i.embedder.EclipseLogger - Using platform encoding (Cp1252 actually) to copy filtered resources, i.e. build is platform dependent!
2020-06-05 11:55:33,683 [Worker-34: Building workspace] INFO  o.e.m.c.i.embedder.EclipseLogger - skip non existing resourceDirectory C:\udemy\JavaUdemyThreads\git-ws\java-ws\10Scheduling\src\test\resources
2020-06-08 11:40:20,435 [Worker-3: Loading available Gradle versions] INFO  o.e.b.c.i.u.g.PublishedGradleVersions - Gradle version information cache is out-of-date. Trying to update.
2020-06-08 11:45:03,620 [Worker-15: Building workspace] WARN  o.e.m.c.i.embedder.EclipseLogger - Using platform encoding (Cp1252 actually) to copy filtered resources, i.e. build is platform dependent!
2020-06-08 11:45:03,630 [Worker-15: Building workspace] INFO  o.e.m.c.i.embedder.EclipseLogger - skip non existing resourceDirectory C:\udemy\JavaUdemyThreads\git-ws\java-ws\10Scheduling\src\main\resources
2020-06-08 11:45:03,632 [Worker-15: Building workspace] WARN  o.e.m.c.i.embedder.EclipseLogger - Using platform encoding (Cp1252 actually) to copy filtered resources, i.e. build is platform dependent!
2020-06-08 11:45:03,643 [Worker-15: Building workspace] INFO  o.e.m.c.i.embedder.EclipseLogger - skip non existing resourceDirectory C:\udemy\JavaUdemyThreads\git-ws\java-ws\10Scheduling\src\test\resources
2020-06-08 11:48:05,570 [Worker-4: Building workspace] WARN  o.e.m.c.i.embedder.EclipseLogger - Using platform encoding (Cp1252 actually) to copy filtered resources, i.e. build is platform dependent!
2020-06-08 11:48:05,605 [Worker-4: Building workspace] INFO  o.e.m.c.i.embedder.EclipseLogger - skip non existing resourceDirectory C:\udemy\JavaUdemyThreads\git-ws\java-ws\10Scheduling\src\main\resources
2020-06-08 11:48:05,606 [Worker-4: Building workspace] WARN  o.e.m.c.i.embedder.EclipseLogger - Using platform encoding (Cp1252 actually) to copy filtered resources, i.e. build is platform dependent!
2020-06-08 11:48:05,627 [Worker-4: Building workspace] INFO  o.e.m.c.i.embedder.EclipseLogger - skip non existing resourceDirectory C:\udemy\JavaUdemyThreads\git-ws\java-ws\10Scheduling\src\test\resources
2020-06-08 12:03:14,226 [Worker-11: Building workspace] WARN  o.e.m.c.i.embedder.EclipseLogger - Using platform encoding (Cp1252 actually) to copy filtered resources, i.e. build is platform dependent!
2020-06-08 12:03:14,249 [Worker-11: Building workspace] INFO  o.e.m.c.i.embedder.EclipseLogger - skip non existing resourceDirectory C:\udemy\JavaUdemyThreads\git-ws\java-ws\10Scheduling\src\main\resources
2020-06-08 12:03:14,251 [Worker-11: Building workspace] WARN  o.e.m.c.i.embedder.EclipseLogger - Using platform encoding (Cp1252 actually) to copy filtered resources, i.e. build is platform dependent!
2020-06-08 12:03:14,260 [Worker-11: Building workspace] INFO  o.e.m.c.i.embedder.EclipseLogger - skip non existing resourceDirectory C:\udemy\JavaUdemyThreads\git-ws\java-ws\10Scheduling\src\test\resources
2020-06-08 12:03:32,916 [Worker-17: Building workspace] WARN  o.e.m.c.i.embedder.EclipseLogger - Using platform encoding (Cp1252 actually) to copy filtered resources, i.e. build is platform dependent!
2020-06-08 12:03:32,946 [Worker-17: Building workspace] INFO  o.e.m.c.i.embedder.EclipseLogger - skip non existing resourceDirectory C:\udemy\JavaUdemyThreads\git-ws\java-ws\10Scheduling\src\main\resources
2020-06-08 12:03:32,947 [Worker-17: Building workspace] WARN  o.e.m.c.i.embedder.EclipseLogger - Using platform encoding (Cp1252 actually) to copy filtered resources, i.e. build is platform dependent!
2020-06-08 12:03:32,976 [Worker-17: Building workspace] INFO  o.e.m.c.i.embedder.EclipseLogger - skip non existing resourceDirectory C:\udemy\JavaUdemyThreads\git-ws\java-ws\10Scheduling\src\test\resources
2020-06-08 12:03:43,692 [Worker-10: Building workspace] WARN  o.e.m.c.i.embedder.EclipseLogger - Using platform encoding (Cp1252 actually) to copy filtered resources, i.e. build is platform dependent!
2020-06-08 12:03:43,720 [Worker-10: Building workspace] INFO  o.e.m.c.i.embedder.EclipseLogger - skip non existing resourceDirectory C:\udemy\JavaUdemyThreads\git-ws\java-ws\10Scheduling\src\main\resources
2020-06-08 12:03:43,721 [Worker-10: Building workspace] WARN  o.e.m.c.i.embedder.EclipseLogger - Using platform encoding (Cp1252 actually) to copy filtered resources, i.e. build is platform dependent!
2020-06-08 12:03:43,739 [Worker-10: Building workspace] INFO  o.e.m.c.i.embedder.EclipseLogger - skip non existing resourceDirectory C:\udemy\JavaUdemyThreads\git-ws\java-ws\10Scheduling\src\test\resources
2020-06-08 12:05:30,268 [Worker-4: Building workspace] WARN  o.e.m.c.i.embedder.EclipseLogger - Using platform encoding (Cp1252 actually) to copy filtered resources, i.e. build is platform dependent!
2020-06-08 12:05:30,276 [Worker-4: Building workspace] INFO  o.e.m.c.i.embedder.EclipseLogger - skip non existing resourceDirectory C:\udemy\JavaUdemyThreads\git-ws\java-ws\10Scheduling\src\main\resources
2020-06-08 12:05:30,277 [Worker-4: Building workspace] WARN  o.e.m.c.i.embedder.EclipseLogger - Using platform encoding (Cp1252 actually) to copy filtered resources, i.e. build is platform dependent!
2020-06-08 12:05:30,285 [Worker-4: Building workspace] INFO  o.e.m.c.i.embedder.EclipseLogger - skip non existing resourceDirectory C:\udemy\JavaUdemyThreads\git-ws\java-ws\10Scheduling\src\test\resources
2020-06-08 12:07:11,113 [Worker-19: Building workspace] WARN  o.e.m.c.i.embedder.EclipseLogger - Using platform encoding (Cp1252 actually) to copy filtered resources, i.e. build is platform dependent!
2020-06-08 12:07:11,128 [Worker-19: Building workspace] INFO  o.e.m.c.i.embedder.EclipseLogger - skip non existing resourceDirectory C:\udemy\JavaUdemyThreads\git-ws\java-ws\10Scheduling\src\main\resources
2020-06-08 12:07:11,129 [Worker-19: Building workspace] WARN  o.e.m.c.i.embedder.EclipseLogger - Using platform encoding (Cp1252 actually) to copy filtered resources, i.e. build is platform dependent!
2020-06-08 12:07:11,140 [Worker-19: Building workspace] INFO  o.e.m.c.i.embedder.EclipseLogger - skip non existing resourceDirectory C:\udemy\JavaUdemyThreads\git-ws\java-ws\10Scheduling\src\test\resources
2020-06-08 12:07:39,677 [Worker-17: Building workspace] WARN  o.e.m.c.i.embedder.EclipseLogger - Using platform encoding (Cp1252 actually) to copy filtered resources, i.e. build is platform dependent!
2020-06-08 12:07:39,688 [Worker-17: Building workspace] INFO  o.e.m.c.i.embedder.EclipseLogger - skip non existing resourceDirectory C:\udemy\JavaUdemyThreads\git-ws\java-ws\10Scheduling\src\main\resources
2020-06-08 12:07:39,692 [Worker-17: Building workspace] WARN  o.e.m.c.i.embedder.EclipseLogger - Using platform encoding (Cp1252 actually) to copy filtered resources, i.e. build is platform dependent!
2020-06-08 12:07:39,708 [Worker-17: Building workspace] INFO  o.e.m.c.i.embedder.EclipseLogger - skip non existing resourceDirectory C:\udemy\JavaUdemyThreads\git-ws\java-ws\10Scheduling\src\test\resources
2020-06-08 12:35:12,980 [Worker-10: Building workspace] WARN  o.e.m.c.i.embedder.EclipseLogger - Using platform encoding (Cp1252 actually) to copy filtered resources, i.e. build is platform dependent!
2020-06-08 12:35:13,002 [Worker-10: Building workspace] INFO  o.e.m.c.i.embedder.EclipseLogger - skip non existing resourceDirectory C:\udemy\JavaUdemyThreads\git-ws\java-ws\10Scheduling\src\main\resources
2020-06-08 12:35:13,004 [Worker-10: Building workspace] WARN  o.e.m.c.i.embedder.EclipseLogger - Using platform encoding (Cp1252 actually) to copy filtered resources, i.e. build is platform dependent!
2020-06-08 12:35:13,014 [Worker-10: Building workspace] INFO  o.e.m.c.i.embedder.EclipseLogger - skip non existing resourceDirectory C:\udemy\JavaUdemyThreads\git-ws\java-ws\10Scheduling\src\test\resources
2020-06-08 12:37:43,145 [Worker-4: Building workspace] WARN  o.e.m.c.i.embedder.EclipseLogger - Using platform encoding (Cp1252 actually) to copy filtered resources, i.e. build is platform dependent!
2020-06-08 12:37:43,158 [Worker-4: Building workspace] INFO  o.e.m.c.i.embedder.EclipseLogger - skip non existing resourceDirectory C:\udemy\JavaUdemyThreads\git-ws\java-ws\10Scheduling\src\main\resources
2020-06-08 12:37:43,160 [Worker-4: Building workspace] WARN  o.e.m.c.i.embedder.EclipseLogger - Using platform encoding (Cp1252 actually) to copy filtered resources, i.e. build is platform dependent!
2020-06-08 12:37:43,169 [Worker-4: Building workspace] INFO  o.e.m.c.i.embedder.EclipseLogger - skip non existing resourceDirectory C:\udemy\JavaUdemyThreads\git-ws\java-ws\10Scheduling\src\test\resources
2020-06-08 12:39:41,952 [Worker-22: Building workspace] WARN  o.e.m.c.i.embedder.EclipseLogger - Using platform encoding (Cp1252 actually) to copy filtered resources, i.e. build is platform dependent!
2020-06-08 12:39:41,964 [Worker-22: Building workspace] INFO  o.e.m.c.i.embedder.EclipseLogger - skip non existing resourceDirectory C:\udemy\JavaUdemyThreads\git-ws\java-ws\10Scheduling\src\main\resources
2020-06-08 12:39:41,965 [Worker-22: Building workspace] WARN  o.e.m.c.i.embedder.EclipseLogger - Using platform encoding (Cp1252 actually) to copy filtered resources, i.e. build is platform dependent!
2020-06-08 12:39:41,973 [Worker-22: Building workspace] INFO  o.e.m.c.i.embedder.EclipseLogger - skip non existing resourceDirectory C:\udemy\JavaUdemyThreads\git-ws\java-ws\10Scheduling\src\test\resources
2020-06-08 12:40:09,722 [Worker-21: Building workspace] WARN  o.e.m.c.i.embedder.EclipseLogger - Using platform encoding (Cp1252 actually) to copy filtered resources, i.e. build is platform dependent!
2020-06-08 12:40:09,731 [Worker-21: Building workspace] INFO  o.e.m.c.i.embedder.EclipseLogger - skip non existing resourceDirectory C:\udemy\JavaUdemyThreads\git-ws\java-ws\10Scheduling\src\main\resources
2020-06-08 12:40:09,732 [Worker-21: Building workspace] WARN  o.e.m.c.i.embedder.EclipseLogger - Using platform encoding (Cp1252 actually) to copy filtered resources, i.e. build is platform dependent!
2020-06-08 12:40:09,741 [Worker-21: Building workspace] INFO  o.e.m.c.i.embedder.EclipseLogger - skip non existing resourceDirectory C:\udemy\JavaUdemyThreads\git-ws\java-ws\10Scheduling\src\test\resources
2020-06-08 12:40:24,377 [Worker-17: Building workspace] WARN  o.e.m.c.i.embedder.EclipseLogger - Using platform encoding (Cp1252 actually) to copy filtered resources, i.e. build is platform dependent!
2020-06-08 12:40:24,383 [Worker-17: Building workspace] INFO  o.e.m.c.i.embedder.EclipseLogger - skip non existing resourceDirectory C:\udemy\JavaUdemyThreads\git-ws\java-ws\10Scheduling\src\main\resources
2020-06-08 12:40:24,385 [Worker-17: Building workspace] WARN  o.e.m.c.i.embedder.EclipseLogger - Using platform encoding (Cp1252 actually) to copy filtered resources, i.e. build is platform dependent!
2020-06-08 12:40:24,395 [Worker-17: Building workspace] INFO  o.e.m.c.i.embedder.EclipseLogger - skip non existing resourceDirectory C:\udemy\JavaUdemyThreads\git-ws\java-ws\10Scheduling\src\test\resources
2020-06-08 12:41:25,841 [Worker-10: Building workspace] WARN  o.e.m.c.i.embedder.EclipseLogger - Using platform encoding (Cp1252 actually) to copy filtered resources, i.e. build is platform dependent!
2020-06-08 12:41:25,851 [Worker-10: Building workspace] INFO  o.e.m.c.i.embedder.EclipseLogger - skip non existing resourceDirectory C:\udemy\JavaUdemyThreads\git-ws\java-ws\10Scheduling\src\main\resources
2020-06-08 12:41:25,854 [Worker-10: Building workspace] WARN  o.e.m.c.i.embedder.EclipseLogger - Using platform encoding (Cp1252 actually) to copy filtered resources, i.e. build is platform dependent!
2020-06-08 12:41:25,881 [Worker-10: Building workspace] INFO  o.e.m.c.i.embedder.EclipseLogger - skip non existing resourceDirectory C:\udemy\JavaUdemyThreads\git-ws\java-ws\10Scheduling\src\test\resources
2020-06-08 12:41:50,259 [Worker-21: Building workspace] WARN  o.e.m.c.i.embedder.EclipseLogger - Using platform encoding (Cp1252 actually) to copy filtered resources, i.e. build is platform dependent!
2020-06-08 12:41:50,280 [Worker-21: Building workspace] INFO  o.e.m.c.i.embedder.EclipseLogger - skip non existing resourceDirectory C:\udemy\JavaUdemyThreads\git-ws\java-ws\10Scheduling\src\main\resources
2020-06-08 12:41:50,283 [Worker-21: Building workspace] WARN  o.e.m.c.i.embedder.EclipseLogger - Using platform encoding (Cp1252 actually) to copy filtered resources, i.e. build is platform dependent!
2020-06-08 12:41:50,301 [Worker-21: Building workspace] INFO  o.e.m.c.i.embedder.EclipseLogger - skip non existing resourceDirectory C:\udemy\JavaUdemyThreads\git-ws\java-ws\10Scheduling\src\test\resources
2020-06-08 12:42:29,062 [Worker-4: Building workspace] WARN  o.e.m.c.i.embedder.EclipseLogger - Using platform encoding (Cp1252 actually) to copy filtered resources, i.e. build is platform dependent!
2020-06-08 12:42:29,079 [Worker-4: Building workspace] INFO  o.e.m.c.i.embedder.EclipseLogger - skip non existing resourceDirectory C:\udemy\JavaUdemyThreads\git-ws\java-ws\10Scheduling\src\main\resources
2020-06-08 12:42:29,081 [Worker-4: Building workspace] WARN  o.e.m.c.i.embedder.EclipseLogger - Using platform encoding (Cp1252 actually) to copy filtered resources, i.e. build is platform dependent!
2020-06-08 12:42:29,102 [Worker-4: Building workspace] INFO  o.e.m.c.i.embedder.EclipseLogger - skip non existing resourceDirectory C:\udemy\JavaUdemyThreads\git-ws\java-ws\10Scheduling\src\test\resources
2020-06-08 12:42:39,652 [Worker-21: Building workspace] WARN  o.e.m.c.i.embedder.EclipseLogger - Using platform encoding (Cp1252 actually) to copy filtered resources, i.e. build is platform dependent!
2020-06-08 12:42:39,672 [Worker-21: Building workspace] INFO  o.e.m.c.i.embedder.EclipseLogger - skip non existing resourceDirectory C:\udemy\JavaUdemyThreads\git-ws\java-ws\10Scheduling\src\main\resources
2020-06-08 12:42:39,675 [Worker-21: Building workspace] WARN  o.e.m.c.i.embedder.EclipseLogger - Using platform encoding (Cp1252 actually) to copy filtered resources, i.e. build is platform dependent!
2020-06-08 12:42:39,701 [Worker-21: Building workspace] INFO  o.e.m.c.i.embedder.EclipseLogger - skip non existing resourceDirectory C:\udemy\JavaUdemyThreads\git-ws\java-ws\10Scheduling\src\test\resources
2020-06-08 12:42:57,375 [Worker-21: Building workspace] WARN  o.e.m.c.i.embedder.EclipseLogger - Using platform encoding (Cp1252 actually) to copy filtered resources, i.e. build is platform dependent!
2020-06-08 12:42:57,386 [Worker-21: Building workspace] INFO  o.e.m.c.i.embedder.EclipseLogger - skip non existing resourceDirectory C:\udemy\JavaUdemyThreads\git-ws\java-ws\10Scheduling\src\main\resources
2020-06-08 12:42:57,389 [Worker-21: Building workspace] WARN  o.e.m.c.i.embedder.EclipseLogger - Using platform encoding (Cp1252 actually) to copy filtered resources, i.e. build is platform dependent!
2020-06-08 12:42:57,398 [Worker-21: Building workspace] INFO  o.e.m.c.i.embedder.EclipseLogger - skip non existing resourceDirectory C:\udemy\JavaUdemyThreads\git-ws\java-ws\10Scheduling\src\test\resources
2020-06-08 12:43:11,942 [Worker-4: Building workspace] WARN  o.e.m.c.i.embedder.EclipseLogger - Using platform encoding (Cp1252 actually) to copy filtered resources, i.e. build is platform dependent!
2020-06-08 12:43:11,954 [Worker-4: Building workspace] INFO  o.e.m.c.i.embedder.EclipseLogger - skip non existing resourceDirectory C:\udemy\JavaUdemyThreads\git-ws\java-ws\10Scheduling\src\main\resources
2020-06-08 12:43:11,955 [Worker-4: Building workspace] WARN  o.e.m.c.i.embedder.EclipseLogger - Using platform encoding (Cp1252 actually) to copy filtered resources, i.e. build is platform dependent!
2020-06-08 12:43:11,975 [Worker-4: Building workspace] INFO  o.e.m.c.i.embedder.EclipseLogger - skip non existing resourceDirectory C:\udemy\JavaUdemyThreads\git-ws\java-ws\10Scheduling\src\test\resources
2020-06-08 12:43:19,614 [Worker-4: Building workspace] WARN  o.e.m.c.i.embedder.EclipseLogger - Using platform encoding (Cp1252 actually) to copy filtered resources, i.e. build is platform dependent!
2020-06-08 12:43:19,625 [Worker-4: Building workspace] INFO  o.e.m.c.i.embedder.EclipseLogger - skip non existing resourceDirectory C:\udemy\JavaUdemyThreads\git-ws\java-ws\10Scheduling\src\main\resources
2020-06-08 12:43:19,626 [Worker-4: Building workspace] WARN  o.e.m.c.i.embedder.EclipseLogger - Using platform encoding (Cp1252 actually) to copy filtered resources, i.e. build is platform dependent!
2020-06-08 12:43:19,636 [Worker-4: Building workspace] INFO  o.e.m.c.i.embedder.EclipseLogger - skip non existing resourceDirectory C:\udemy\JavaUdemyThreads\git-ws\java-ws\10Scheduling\src\test\resources
2020-06-08 12:44:32,300 [Worker-17: Building Workspace] WARN  o.e.m.c.i.embedder.EclipseLogger - Using platform encoding (Cp1252 actually) to copy filtered resources, i.e. build is platform dependent!
2020-06-08 12:44:32,311 [Worker-17: Building Workspace] INFO  o.e.m.c.i.embedder.EclipseLogger - skip non existing resourceDirectory C:\udemy\JavaUdemyThreads\git-ws\java-ws\10Scheduling\src\main\resources
2020-06-08 12:44:32,312 [Worker-17: Building Workspace] WARN  o.e.m.c.i.embedder.EclipseLogger - Using platform encoding (Cp1252 actually) to copy filtered resources, i.e. build is platform dependent!
2020-06-08 12:44:32,326 [Worker-17: Building Workspace] INFO  o.e.m.c.i.embedder.EclipseLogger - skip non existing resourceDirectory C:\udemy\JavaUdemyThreads\git-ws\java-ws\10Scheduling\src\test\resources
2020-06-08 12:44:58,398 [Worker-10: Building workspace] WARN  o.e.m.c.i.embedder.EclipseLogger - Using platform encoding (Cp1252 actually) to copy filtered resources, i.e. build is platform dependent!
2020-06-08 12:44:58,421 [Worker-10: Building workspace] INFO  o.e.m.c.i.embedder.EclipseLogger - skip non existing resourceDirectory C:\udemy\JavaUdemyThreads\git-ws\java-ws\10Scheduling\src\main\resources
2020-06-08 12:44:58,422 [Worker-10: Building workspace] WARN  o.e.m.c.i.embedder.EclipseLogger - Using platform encoding (Cp1252 actually) to copy filtered resources, i.e. build is platform dependent!
2020-06-08 12:44:58,446 [Worker-10: Building workspace] INFO  o.e.m.c.i.embedder.EclipseLogger - skip non existing resourceDirectory C:\udemy\JavaUdemyThreads\git-ws\java-ws\10Scheduling\src\test\resources
2020-06-08 12:46:23,523 [Worker-10: Building workspace] WARN  o.e.m.c.i.embedder.EclipseLogger - Using platform encoding (Cp1252 actually) to copy filtered resources, i.e. build is platform dependent!
2020-06-08 12:46:23,531 [Worker-10: Building workspace] INFO  o.e.m.c.i.embedder.EclipseLogger - skip non existing resourceDirectory C:\udemy\JavaUdemyThreads\git-ws\java-ws\10Scheduling\src\main\resources
2020-06-08 12:46:23,533 [Worker-10: Building workspace] WARN  o.e.m.c.i.embedder.EclipseLogger - Using platform encoding (Cp1252 actually) to copy filtered resources, i.e. build is platform dependent!
2020-06-08 12:46:23,543 [Worker-10: Building workspace] INFO  o.e.m.c.i.embedder.EclipseLogger - skip non existing resourceDirectory C:\udemy\JavaUdemyThreads\git-ws\java-ws\10Scheduling\src\test\resources
2020-06-08 12:53:17,530 [Worker-4: Building workspace] WARN  o.e.m.c.i.embedder.EclipseLogger - Using platform encoding (Cp1252 actually) to copy filtered resources, i.e. build is platform dependent!
2020-06-08 12:53:17,549 [Worker-4: Building workspace] INFO  o.e.m.c.i.embedder.EclipseLogger - skip non existing resourceDirectory C:\udemy\JavaUdemyThreads\git-ws\java-ws\10Scheduling\src\main\resources
2020-06-08 12:53:17,552 [Worker-4: Building workspace] WARN  o.e.m.c.i.embedder.EclipseLogger - Using platform encoding (Cp1252 actually) to copy filtered resources, i.e. build is platform dependent!
2020-06-08 12:53:17,567 [Worker-4: Building workspace] INFO  o.e.m.c.i.embedder.EclipseLogger - skip non existing resourceDirectory C:\udemy\JavaUdemyThreads\git-ws\java-ws\10Scheduling\src\test\resources
2020-06-08 12:53:30,302 [Worker-10: Building workspace] WARN  o.e.m.c.i.embedder.EclipseLogger - Using platform encoding (Cp1252 actually) to copy filtered resources, i.e. build is platform dependent!
2020-06-08 12:53:30,316 [Worker-10: Building workspace] INFO  o.e.m.c.i.embedder.EclipseLogger - skip non existing resourceDirectory C:\udemy\JavaUdemyThreads\git-ws\java-ws\10Scheduling\src\main\resources
2020-06-08 12:53:30,317 [Worker-10: Building workspace] WARN  o.e.m.c.i.embedder.EclipseLogger - Using platform encoding (Cp1252 actually) to copy filtered resources, i.e. build is platform dependent!
2020-06-08 12:53:30,330 [Worker-10: Building workspace] INFO  o.e.m.c.i.embedder.EclipseLogger - skip non existing resourceDirectory C:\udemy\JavaUdemyThreads\git-ws\java-ws\10Scheduling\src\test\resources
2020-06-09 11:17:54,756 [Worker-78: Building workspace] WARN  o.e.m.c.i.embedder.EclipseLogger - Using platform encoding (Cp1252 actually) to copy filtered resources, i.e. build is platform dependent!
2020-06-09 11:17:54,794 [Worker-78: Building workspace] INFO  o.e.m.c.i.embedder.EclipseLogger - skip non existing resourceDirectory C:\udemy\JavaUdemyThreads\git-ws\java-ws\10Scheduling\src\main\resources
2020-06-09 11:17:54,794 [Worker-78: Building workspace] WARN  o.e.m.c.i.embedder.EclipseLogger - Using platform encoding (Cp1252 actually) to copy filtered resources, i.e. build is platform dependent!
2020-06-09 11:17:54,809 [Worker-78: Building workspace] INFO  o.e.m.c.i.embedder.EclipseLogger - skip non existing resourceDirectory C:\udemy\JavaUdemyThreads\git-ws\java-ws\10Scheduling\src\test\resources
2020-06-09 11:18:42,870 [Worker-79: Building workspace] WARN  o.e.m.c.i.embedder.EclipseLogger - Using platform encoding (Cp1252 actually) to copy filtered resources, i.e. build is platform dependent!
2020-06-09 11:18:42,886 [Worker-79: Building workspace] INFO  o.e.m.c.i.embedder.EclipseLogger - skip non existing resourceDirectory C:\udemy\JavaUdemyThreads\git-ws\java-ws\10Scheduling\src\main\resources
2020-06-09 11:18:42,886 [Worker-79: Building workspace] WARN  o.e.m.c.i.embedder.EclipseLogger - Using platform encoding (Cp1252 actually) to copy filtered resources, i.e. build is platform dependent!
2020-06-09 11:18:42,908 [Worker-79: Building workspace] INFO  o.e.m.c.i.embedder.EclipseLogger - skip non existing resourceDirectory C:\udemy\JavaUdemyThreads\git-ws\java-ws\10Scheduling\src\test\resources
2020-06-09 11:19:23,851 [Worker-77: Building workspace] WARN  o.e.m.c.i.embedder.EclipseLogger - Using platform encoding (Cp1252 actually) to copy filtered resources, i.e. build is platform dependent!
2020-06-09 11:19:23,851 [Worker-77: Building workspace] INFO  o.e.m.c.i.embedder.EclipseLogger - skip non existing resourceDirectory C:\udemy\JavaUdemyThreads\git-ws\java-ws\10Scheduling\src\main\resources
2020-06-09 11:19:23,851 [Worker-77: Building workspace] WARN  o.e.m.c.i.embedder.EclipseLogger - Using platform encoding (Cp1252 actually) to copy filtered resources, i.e. build is platform dependent!
2020-06-09 11:19:23,867 [Worker-77: Building workspace] INFO  o.e.m.c.i.embedder.EclipseLogger - skip non existing resourceDirectory C:\udemy\JavaUdemyThreads\git-ws\java-ws\10Scheduling\src\test\resources
2020-06-09 11:20:55,562 [Worker-79: Building workspace] WARN  o.e.m.c.i.embedder.EclipseLogger - Using platform encoding (Cp1252 actually) to copy filtered resources, i.e. build is platform dependent!
2020-06-09 11:20:55,584 [Worker-79: Building workspace] INFO  o.e.m.c.i.embedder.EclipseLogger - skip non existing resourceDirectory C:\udemy\JavaUdemyThreads\git-ws\java-ws\10Scheduling\src\main\resources
2020-06-09 11:20:55,584 [Worker-79: Building workspace] WARN  o.e.m.c.i.embedder.EclipseLogger - Using platform encoding (Cp1252 actually) to copy filtered resources, i.e. build is platform dependent!
2020-06-09 11:20:55,584 [Worker-79: Building workspace] INFO  o.e.m.c.i.embedder.EclipseLogger - skip non existing resourceDirectory C:\udemy\JavaUdemyThreads\git-ws\java-ws\10Scheduling\src\test\resources
2020-06-09 11:21:07,853 [Worker-75: Building workspace] WARN  o.e.m.c.i.embedder.EclipseLogger - Using platform encoding (Cp1252 actually) to copy filtered resources, i.e. build is platform dependent!
2020-06-09 11:21:07,853 [Worker-75: Building workspace] INFO  o.e.m.c.i.embedder.EclipseLogger - skip non existing resourceDirectory C:\udemy\JavaUdemyThreads\git-ws\java-ws\10Scheduling\src\main\resources
2020-06-09 11:21:07,853 [Worker-75: Building workspace] WARN  o.e.m.c.i.embedder.EclipseLogger - Using platform encoding (Cp1252 actually) to copy filtered resources, i.e. build is platform dependent!
2020-06-09 11:21:07,869 [Worker-75: Building workspace] INFO  o.e.m.c.i.embedder.EclipseLogger - skip non existing resourceDirectory C:\udemy\JavaUdemyThreads\git-ws\java-ws\10Scheduling\src\test\resources
2020-06-09 11:22:15,387 [Worker-75: Building workspace] WARN  o.e.m.c.i.embedder.EclipseLogger - Using platform encoding (Cp1252 actually) to copy filtered resources, i.e. build is platform dependent!
2020-06-09 11:22:15,387 [Worker-75: Building workspace] INFO  o.e.m.c.i.embedder.EclipseLogger - skip non existing resourceDirectory C:\udemy\JavaUdemyThreads\git-ws\java-ws\10Scheduling\src\main\resources
2020-06-09 11:22:15,387 [Worker-75: Building workspace] WARN  o.e.m.c.i.embedder.EclipseLogger - Using platform encoding (Cp1252 actually) to copy filtered resources, i.e. build is platform dependent!
2020-06-09 11:22:15,403 [Worker-75: Building workspace] INFO  o.e.m.c.i.embedder.EclipseLogger - skip non existing resourceDirectory C:\udemy\JavaUdemyThreads\git-ws\java-ws\10Scheduling\src\test\resources
2020-06-09 11:22:37,107 [Worker-79: Building workspace] WARN  o.e.m.c.i.embedder.EclipseLogger - Using platform encoding (Cp1252 actually) to copy filtered resources, i.e. build is platform dependent!
2020-06-09 11:22:37,107 [Worker-79: Building workspace] INFO  o.e.m.c.i.embedder.EclipseLogger - skip non existing resourceDirectory C:\udemy\JavaUdemyThreads\git-ws\java-ws\10Scheduling\src\main\resources
2020-06-09 11:22:37,107 [Worker-79: Building workspace] WARN  o.e.m.c.i.embedder.EclipseLogger - Using platform encoding (Cp1252 actually) to copy filtered resources, i.e. build is platform dependent!
2020-06-09 11:22:37,123 [Worker-79: Building workspace] INFO  o.e.m.c.i.embedder.EclipseLogger - skip non existing resourceDirectory C:\udemy\JavaUdemyThreads\git-ws\java-ws\10Scheduling\src\test\resources
2020-06-09 11:23:23,350 [Worker-77: Building workspace] WARN  o.e.m.c.i.embedder.EclipseLogger - Using platform encoding (Cp1252 actually) to copy filtered resources, i.e. build is platform dependent!
2020-06-09 11:23:23,357 [Worker-77: Building workspace] INFO  o.e.m.c.i.embedder.EclipseLogger - skip non existing resourceDirectory C:\udemy\JavaUdemyThreads\git-ws\java-ws\10Scheduling\src\main\resources
2020-06-09 11:23:23,357 [Worker-77: Building workspace] WARN  o.e.m.c.i.embedder.EclipseLogger - Using platform encoding (Cp1252 actually) to copy filtered resources, i.e. build is platform dependent!
2020-06-09 11:23:23,388 [Worker-77: Building workspace] INFO  o.e.m.c.i.embedder.EclipseLogger - skip non existing resourceDirectory C:\udemy\JavaUdemyThreads\git-ws\java-ws\10Scheduling\src\test\resources
2020-06-09 11:24:15,146 [Worker-78: Building workspace] WARN  o.e.m.c.i.embedder.EclipseLogger - Using platform encoding (Cp1252 actually) to copy filtered resources, i.e. build is platform dependent!
2020-06-09 11:24:15,173 [Worker-78: Building workspace] INFO  o.e.m.c.i.embedder.EclipseLogger - skip non existing resourceDirectory C:\udemy\JavaUdemyThreads\git-ws\java-ws\10Scheduling\src\main\resources
2020-06-09 11:24:15,173 [Worker-78: Building workspace] WARN  o.e.m.c.i.embedder.EclipseLogger - Using platform encoding (Cp1252 actually) to copy filtered resources, i.e. build is platform dependent!
2020-06-09 11:24:15,204 [Worker-78: Building workspace] INFO  o.e.m.c.i.embedder.EclipseLogger - skip non existing resourceDirectory C:\udemy\JavaUdemyThreads\git-ws\java-ws\10Scheduling\src\test\resources
2020-06-09 11:25:11,639 [Worker-79: Building workspace] WARN  o.e.m.c.i.embedder.EclipseLogger - Using platform encoding (Cp1252 actually) to copy filtered resources, i.e. build is platform dependent!
2020-06-09 11:25:11,655 [Worker-79: Building workspace] INFO  o.e.m.c.i.embedder.EclipseLogger - skip non existing resourceDirectory C:\udemy\JavaUdemyThreads\git-ws\java-ws\10Scheduling\src\main\resources
2020-06-09 11:25:11,655 [Worker-79: Building workspace] WARN  o.e.m.c.i.embedder.EclipseLogger - Using platform encoding (Cp1252 actually) to copy filtered resources, i.e. build is platform dependent!
2020-06-09 11:25:11,671 [Worker-79: Building workspace] INFO  o.e.m.c.i.embedder.EclipseLogger - skip non existing resourceDirectory C:\udemy\JavaUdemyThreads\git-ws\java-ws\10Scheduling\src\test\resources
2020-06-09 11:29:32,825 [Worker-79: Building workspace] WARN  o.e.m.c.i.embedder.EclipseLogger - Using platform encoding (Cp1252 actually) to copy filtered resources, i.e. build is platform dependent!
2020-06-09 11:29:32,841 [Worker-79: Building workspace] INFO  o.e.m.c.i.embedder.EclipseLogger - skip non existing resourceDirectory C:\udemy\JavaUdemyThreads\git-ws\java-ws\10Scheduling\src\main\resources
2020-06-09 11:29:32,841 [Worker-79: Building workspace] WARN  o.e.m.c.i.embedder.EclipseLogger - Using platform encoding (Cp1252 actually) to copy filtered resources, i.e. build is platform dependent!
2020-06-09 11:29:32,857 [Worker-79: Building workspace] INFO  o.e.m.c.i.embedder.EclipseLogger - skip non existing resourceDirectory C:\udemy\JavaUdemyThreads\git-ws\java-ws\10Scheduling\src\test\resources
2020-06-09 11:29:46,357 [Worker-77: Building workspace] WARN  o.e.m.c.i.embedder.EclipseLogger - Using platform encoding (Cp1252 actually) to copy filtered resources, i.e. build is platform dependent!
2020-06-09 11:29:46,372 [Worker-77: Building workspace] INFO  o.e.m.c.i.embedder.EclipseLogger - skip non existing resourceDirectory C:\udemy\JavaUdemyThreads\git-ws\java-ws\10Scheduling\src\main\resources
2020-06-09 11:29:46,372 [Worker-77: Building workspace] WARN  o.e.m.c.i.embedder.EclipseLogger - Using platform encoding (Cp1252 actually) to copy filtered resources, i.e. build is platform dependent!
2020-06-09 11:29:46,382 [Worker-77: Building workspace] INFO  o.e.m.c.i.embedder.EclipseLogger - skip non existing resourceDirectory C:\udemy\JavaUdemyThreads\git-ws\java-ws\10Scheduling\src\test\resources
2020-06-09 11:34:52,397 [Worker-81: Building workspace] WARN  o.e.m.c.i.embedder.EclipseLogger - Using platform encoding (Cp1252 actually) to copy filtered resources, i.e. build is platform dependent!
2020-06-09 11:34:52,397 [Worker-81: Building workspace] INFO  o.e.m.c.i.embedder.EclipseLogger - skip non existing resourceDirectory C:\udemy\JavaUdemyThreads\git-ws\java-ws\10Scheduling\src\main\resources
2020-06-09 11:34:52,397 [Worker-81: Building workspace] WARN  o.e.m.c.i.embedder.EclipseLogger - Using platform encoding (Cp1252 actually) to copy filtered resources, i.e. build is platform dependent!
2020-06-09 11:34:52,413 [Worker-81: Building workspace] INFO  o.e.m.c.i.embedder.EclipseLogger - skip non existing resourceDirectory C:\udemy\JavaUdemyThreads\git-ws\java-ws\10Scheduling\src\test\resources
2020-06-09 11:37:17,767 [Worker-81: Building workspace] WARN  o.e.m.c.i.embedder.EclipseLogger - Using platform encoding (Cp1252 actually) to copy filtered resources, i.e. build is platform dependent!
2020-06-09 11:37:17,792 [Worker-81: Building workspace] INFO  o.e.m.c.i.embedder.EclipseLogger - skip non existing resourceDirectory C:\udemy\JavaUdemyThreads\git-ws\java-ws\10Scheduling\src\main\resources
2020-06-09 11:37:17,797 [Worker-81: Building workspace] WARN  o.e.m.c.i.embedder.EclipseLogger - Using platform encoding (Cp1252 actually) to copy filtered resources, i.e. build is platform dependent!
2020-06-09 11:37:17,829 [Worker-81: Building workspace] INFO  o.e.m.c.i.embedder.EclipseLogger - skip non existing resourceDirectory C:\udemy\JavaUdemyThreads\git-ws\java-ws\10Scheduling\src\test\resources
2020-06-09 11:45:21,575 [Worker-84: Building workspace] WARN  o.e.m.c.i.embedder.EclipseLogger - Using platform encoding (Cp1252 actually) to copy filtered resources, i.e. build is platform dependent!
2020-06-09 11:45:21,591 [Worker-84: Building workspace] INFO  o.e.m.c.i.embedder.EclipseLogger - skip non existing resourceDirectory C:\udemy\JavaUdemyThreads\git-ws\java-ws\10Scheduling\src\main\resources
2020-06-09 11:45:21,591 [Worker-84: Building workspace] WARN  o.e.m.c.i.embedder.EclipseLogger - Using platform encoding (Cp1252 actually) to copy filtered resources, i.e. build is platform dependent!
2020-06-09 11:45:21,591 [Worker-84: Building workspace] INFO  o.e.m.c.i.embedder.EclipseLogger - skip non existing resourceDirectory C:\udemy\JavaUdemyThreads\git-ws\java-ws\10Scheduling\src\test\resources
2020-06-09 11:52:08,432 [Worker-80: Building workspace] WARN  o.e.m.c.i.embedder.EclipseLogger - Using platform encoding (Cp1252 actually) to copy filtered resources, i.e. build is platform dependent!
2020-06-09 11:52:08,448 [Worker-80: Building workspace] INFO  o.e.m.c.i.embedder.EclipseLogger - skip non existing resourceDirectory C:\udemy\JavaUdemyThreads\git-ws\java-ws\10Scheduling\src\main\resources
2020-06-09 11:52:08,448 [Worker-80: Building workspace] WARN  o.e.m.c.i.embedder.EclipseLogger - Using platform encoding (Cp1252 actually) to copy filtered resources, i.e. build is platform dependent!
2020-06-09 11:52:08,463 [Worker-80: Building workspace] INFO  o.e.m.c.i.embedder.EclipseLogger - skip non existing resourceDirectory C:\udemy\JavaUdemyThreads\git-ws\java-ws\10Scheduling\src\test\resources
2020-06-09 11:52:33,695 [Worker-84: Building workspace] WARN  o.e.m.c.i.embedder.EclipseLogger - Using platform encoding (Cp1252 actually) to copy filtered resources, i.e. build is platform dependent!
2020-06-09 11:52:33,695 [Worker-84: Building workspace] INFO  o.e.m.c.i.embedder.EclipseLogger - skip non existing resourceDirectory C:\udemy\JavaUdemyThreads\git-ws\java-ws\10Scheduling\src\main\resources
2020-06-09 11:52:33,695 [Worker-84: Building workspace] WARN  o.e.m.c.i.embedder.EclipseLogger - Using platform encoding (Cp1252 actually) to copy filtered resources, i.e. build is platform dependent!
2020-06-09 11:52:33,711 [Worker-84: Building workspace] INFO  o.e.m.c.i.embedder.EclipseLogger - skip non existing resourceDirectory C:\udemy\JavaUdemyThreads\git-ws\java-ws\10Scheduling\src\test\resources
2020-06-09 11:55:25,276 [Worker-83: Building workspace] WARN  o.e.m.c.i.embedder.EclipseLogger - Using platform encoding (Cp1252 actually) to copy filtered resources, i.e. build is platform dependent!
2020-06-09 11:55:25,292 [Worker-83: Building workspace] INFO  o.e.m.c.i.embedder.EclipseLogger - skip non existing resourceDirectory C:\udemy\JavaUdemyThreads\git-ws\java-ws\10Scheduling\src\main\resources
2020-06-09 11:55:25,292 [Worker-83: Building workspace] WARN  o.e.m.c.i.embedder.EclipseLogger - Using platform encoding (Cp1252 actually) to copy filtered resources, i.e. build is platform dependent!
2020-06-09 11:55:25,292 [Worker-83: Building workspace] INFO  o.e.m.c.i.embedder.EclipseLogger - skip non existing resourceDirectory C:\udemy\JavaUdemyThreads\git-ws\java-ws\10Scheduling\src\test\resources
2020-06-09 11:55:39,967 [Worker-86: Building workspace] WARN  o.e.m.c.i.embedder.EclipseLogger - Using platform encoding (Cp1252 actually) to copy filtered resources, i.e. build is platform dependent!
2020-06-09 11:55:39,983 [Worker-86: Building workspace] INFO  o.e.m.c.i.embedder.EclipseLogger - skip non existing resourceDirectory C:\udemy\JavaUdemyThreads\git-ws\java-ws\10Scheduling\src\main\resources
2020-06-09 11:55:39,983 [Worker-86: Building workspace] WARN  o.e.m.c.i.embedder.EclipseLogger - Using platform encoding (Cp1252 actually) to copy filtered resources, i.e. build is platform dependent!
2020-06-09 11:55:39,998 [Worker-86: Building workspace] INFO  o.e.m.c.i.embedder.EclipseLogger - skip non existing resourceDirectory C:\udemy\JavaUdemyThreads\git-ws\java-ws\10Scheduling\src\test\resources
2020-06-09 11:56:03,302 [Worker-86: Building workspace] WARN  o.e.m.c.i.embedder.EclipseLogger - Using platform encoding (Cp1252 actually) to copy filtered resources, i.e. build is platform dependent!
2020-06-09 11:56:03,302 [Worker-86: Building workspace] INFO  o.e.m.c.i.embedder.EclipseLogger - skip non existing resourceDirectory C:\udemy\JavaUdemyThreads\git-ws\java-ws\10Scheduling\src\main\resources
2020-06-09 11:56:03,302 [Worker-86: Building workspace] WARN  o.e.m.c.i.embedder.EclipseLogger - Using platform encoding (Cp1252 actually) to copy filtered resources, i.e. build is platform dependent!
2020-06-09 11:56:03,318 [Worker-86: Building workspace] INFO  o.e.m.c.i.embedder.EclipseLogger - skip non existing resourceDirectory C:\udemy\JavaUdemyThreads\git-ws\java-ws\10Scheduling\src\test\resources
2020-06-09 11:56:24,958 [Worker-83: Building workspace] WARN  o.e.m.c.i.embedder.EclipseLogger - Using platform encoding (Cp1252 actually) to copy filtered resources, i.e. build is platform dependent!
2020-06-09 11:56:24,958 [Worker-83: Building workspace] INFO  o.e.m.c.i.embedder.EclipseLogger - skip non existing resourceDirectory C:\udemy\JavaUdemyThreads\git-ws\java-ws\10Scheduling\src\main\resources
2020-06-09 11:56:24,958 [Worker-83: Building workspace] WARN  o.e.m.c.i.embedder.EclipseLogger - Using platform encoding (Cp1252 actually) to copy filtered resources, i.e. build is platform dependent!
2020-06-09 11:56:24,974 [Worker-83: Building workspace] INFO  o.e.m.c.i.embedder.EclipseLogger - skip non existing resourceDirectory C:\udemy\JavaUdemyThreads\git-ws\java-ws\10Scheduling\src\test\resources
2020-06-09 11:56:36,885 [Worker-83: Building workspace] WARN  o.e.m.c.i.embedder.EclipseLogger - Using platform encoding (Cp1252 actually) to copy filtered resources, i.e. build is platform dependent!
2020-06-09 11:56:36,901 [Worker-83: Building workspace] INFO  o.e.m.c.i.embedder.EclipseLogger - skip non existing resourceDirectory C:\udemy\JavaUdemyThreads\git-ws\java-ws\10Scheduling\src\main\resources
2020-06-09 11:56:36,901 [Worker-83: Building workspace] WARN  o.e.m.c.i.embedder.EclipseLogger - Using platform encoding (Cp1252 actually) to copy filtered resources, i.e. build is platform dependent!
2020-06-09 11:56:36,917 [Worker-83: Building workspace] INFO  o.e.m.c.i.embedder.EclipseLogger - skip non existing resourceDirectory C:\udemy\JavaUdemyThreads\git-ws\java-ws\10Scheduling\src\test\resources
2020-06-09 12:02:58,604 [Worker-89: Building workspace] WARN  o.e.m.c.i.embedder.EclipseLogger - Using platform encoding (Cp1252 actually) to copy filtered resources, i.e. build is platform dependent!
2020-06-09 12:02:58,619 [Worker-89: Building workspace] INFO  o.e.m.c.i.embedder.EclipseLogger - skip non existing resourceDirectory C:\udemy\JavaUdemyThreads\git-ws\java-ws\10Scheduling\src\main\resources
2020-06-09 12:02:58,619 [Worker-89: Building workspace] WARN  o.e.m.c.i.embedder.EclipseLogger - Using platform encoding (Cp1252 actually) to copy filtered resources, i.e. build is platform dependent!
2020-06-09 12:02:58,635 [Worker-89: Building workspace] INFO  o.e.m.c.i.embedder.EclipseLogger - skip non existing resourceDirectory C:\udemy\JavaUdemyThreads\git-ws\java-ws\10Scheduling\src\test\resources
2020-06-09 12:04:33,234 [Worker-89: Building workspace] WARN  o.e.m.c.i.embedder.EclipseLogger - Using platform encoding (Cp1252 actually) to copy filtered resources, i.e. build is platform dependent!
2020-06-09 12:04:33,244 [Worker-89: Building workspace] INFO  o.e.m.c.i.embedder.EclipseLogger - skip non existing resourceDirectory C:\udemy\JavaUdemyThreads\git-ws\java-ws\10Scheduling\src\main\resources
2020-06-09 12:04:33,249 [Worker-89: Building workspace] WARN  o.e.m.c.i.embedder.EclipseLogger - Using platform encoding (Cp1252 actually) to copy filtered resources, i.e. build is platform dependent!
2020-06-09 12:04:33,254 [Worker-89: Building workspace] INFO  o.e.m.c.i.embedder.EclipseLogger - skip non existing resourceDirectory C:\udemy\JavaUdemyThreads\git-ws\java-ws\10Scheduling\src\test\resources
2020-06-09 12:10:16,053 [Worker-81: Building workspace] WARN  o.e.m.c.i.embedder.EclipseLogger - Using platform encoding (Cp1252 actually) to copy filtered resources, i.e. build is platform dependent!
2020-06-09 12:10:16,053 [Worker-81: Building workspace] INFO  o.e.m.c.i.embedder.EclipseLogger - skip non existing resourceDirectory C:\udemy\JavaUdemyThreads\git-ws\java-ws\10Scheduling\src\main\resources
2020-06-09 12:10:16,053 [Worker-81: Building workspace] WARN  o.e.m.c.i.embedder.EclipseLogger - Using platform encoding (Cp1252 actually) to copy filtered resources, i.e. build is platform dependent!
2020-06-09 12:10:16,069 [Worker-81: Building workspace] INFO  o.e.m.c.i.embedder.EclipseLogger - skip non existing resourceDirectory C:\udemy\JavaUdemyThreads\git-ws\java-ws\10Scheduling\src\test\resources
2020-06-09 12:10:39,003 [Worker-81: Building workspace] WARN  o.e.m.c.i.embedder.EclipseLogger - Using platform encoding (Cp1252 actually) to copy filtered resources, i.e. build is platform dependent!
2020-06-09 12:10:39,022 [Worker-81: Building workspace] INFO  o.e.m.c.i.embedder.EclipseLogger - skip non existing resourceDirectory C:\udemy\JavaUdemyThreads\git-ws\java-ws\10Scheduling\src\main\resources
2020-06-09 12:10:39,022 [Worker-81: Building workspace] WARN  o.e.m.c.i.embedder.EclipseLogger - Using platform encoding (Cp1252 actually) to copy filtered resources, i.e. build is platform dependent!
2020-06-09 12:10:39,038 [Worker-81: Building workspace] INFO  o.e.m.c.i.embedder.EclipseLogger - skip non existing resourceDirectory C:\udemy\JavaUdemyThreads\git-ws\java-ws\10Scheduling\src\test\resources
2020-06-09 12:11:06,480 [Worker-80: Building workspace] WARN  o.e.m.c.i.embedder.EclipseLogger - Using platform encoding (Cp1252 actually) to copy filtered resources, i.e. build is platform dependent!
2020-06-09 12:11:06,480 [Worker-80: Building workspace] INFO  o.e.m.c.i.embedder.EclipseLogger - skip non existing resourceDirectory C:\udemy\JavaUdemyThreads\git-ws\java-ws\10Scheduling\src\main\resources
2020-06-09 12:11:06,480 [Worker-80: Building workspace] WARN  o.e.m.c.i.embedder.EclipseLogger - Using platform encoding (Cp1252 actually) to copy filtered resources, i.e. build is platform dependent!
2020-06-09 12:11:06,495 [Worker-80: Building workspace] INFO  o.e.m.c.i.embedder.EclipseLogger - skip non existing resourceDirectory C:\udemy\JavaUdemyThreads\git-ws\java-ws\10Scheduling\src\test\resources
2020-06-09 12:13:41,743 [Worker-81: Building workspace] WARN  o.e.m.c.i.embedder.EclipseLogger - Using platform encoding (Cp1252 actually) to copy filtered resources, i.e. build is platform dependent!
2020-06-09 12:13:41,758 [Worker-81: Building workspace] INFO  o.e.m.c.i.embedder.EclipseLogger - skip non existing resourceDirectory C:\udemy\JavaUdemyThreads\git-ws\java-ws\10Scheduling\src\main\resources
2020-06-09 12:13:41,758 [Worker-81: Building workspace] WARN  o.e.m.c.i.embedder.EclipseLogger - Using platform encoding (Cp1252 actually) to copy filtered resources, i.e. build is platform dependent!
2020-06-09 12:13:41,758 [Worker-81: Building workspace] INFO  o.e.m.c.i.embedder.EclipseLogger - skip non existing resourceDirectory C:\udemy\JavaUdemyThreads\git-ws\java-ws\10Scheduling\src\test\resources
2020-06-09 12:15:34,133 [Worker-83: Building workspace] WARN  o.e.m.c.i.embedder.EclipseLogger - Using platform encoding (Cp1252 actually) to copy filtered resources, i.e. build is platform dependent!
2020-06-09 12:15:34,145 [Worker-83: Building workspace] INFO  o.e.m.c.i.embedder.EclipseLogger - skip non existing resourceDirectory C:\udemy\JavaUdemyThreads\git-ws\java-ws\10Scheduling\src\main\resources
2020-06-09 12:15:34,145 [Worker-83: Building workspace] WARN  o.e.m.c.i.embedder.EclipseLogger - Using platform encoding (Cp1252 actually) to copy filtered resources, i.e. build is platform dependent!
2020-06-09 12:15:34,155 [Worker-83: Building workspace] INFO  o.e.m.c.i.embedder.EclipseLogger - skip non existing resourceDirectory C:\udemy\JavaUdemyThreads\git-ws\java-ws\10Scheduling\src\test\resources
2020-06-09 12:18:09,106 [Worker-81: Building workspace] WARN  o.e.m.c.i.embedder.EclipseLogger - Using platform encoding (Cp1252 actually) to copy filtered resources, i.e. build is platform dependent!
2020-06-09 12:18:09,122 [Worker-81: Building workspace] INFO  o.e.m.c.i.embedder.EclipseLogger - skip non existing resourceDirectory C:\udemy\JavaUdemyThreads\git-ws\java-ws\10Scheduling\src\main\resources
2020-06-09 12:18:09,122 [Worker-81: Building workspace] WARN  o.e.m.c.i.embedder.EclipseLogger - Using platform encoding (Cp1252 actually) to copy filtered resources, i.e. build is platform dependent!
2020-06-09 12:18:09,122 [Worker-81: Building workspace] INFO  o.e.m.c.i.embedder.EclipseLogger - skip non existing resourceDirectory C:\udemy\JavaUdemyThreads\git-ws\java-ws\10Scheduling\src\test\resources
2020-06-09 12:18:16,524 [Worker-92: Building workspace] WARN  o.e.m.c.i.embedder.EclipseLogger - Using platform encoding (Cp1252 actually) to copy filtered resources, i.e. build is platform dependent!
2020-06-09 12:18:16,540 [Worker-92: Building workspace] INFO  o.e.m.c.i.embedder.EclipseLogger - skip non existing resourceDirectory C:\udemy\JavaUdemyThreads\git-ws\java-ws\10Scheduling\src\main\resources
2020-06-09 12:18:16,540 [Worker-92: Building workspace] WARN  o.e.m.c.i.embedder.EclipseLogger - Using platform encoding (Cp1252 actually) to copy filtered resources, i.e. build is platform dependent!
2020-06-09 12:18:16,540 [Worker-92: Building workspace] INFO  o.e.m.c.i.embedder.EclipseLogger - skip non existing resourceDirectory C:\udemy\JavaUdemyThreads\git-ws\java-ws\10Scheduling\src\test\resources
2020-06-09 12:20:02,291 [Worker-93: Building workspace] WARN  o.e.m.c.i.embedder.EclipseLogger - Using platform encoding (Cp1252 actually) to copy filtered resources, i.e. build is platform dependent!
2020-06-09 12:20:02,293 [Worker-93: Building workspace] INFO  o.e.m.c.i.embedder.EclipseLogger - skip non existing resourceDirectory C:\udemy\JavaUdemyThreads\git-ws\java-ws\10Scheduling\src\main\resources
2020-06-09 12:20:02,293 [Worker-93: Building workspace] WARN  o.e.m.c.i.embedder.EclipseLogger - Using platform encoding (Cp1252 actually) to copy filtered resources, i.e. build is platform dependent!
2020-06-09 12:20:02,303 [Worker-93: Building workspace] INFO  o.e.m.c.i.embedder.EclipseLogger - skip non existing resourceDirectory C:\udemy\JavaUdemyThreads\git-ws\java-ws\10Scheduling\src\test\resources
2020-06-09 12:20:06,608 [Worker-93: Building workspace] WARN  o.e.m.c.i.embedder.EclipseLogger - Using platform encoding (Cp1252 actually) to copy filtered resources, i.e. build is platform dependent!
2020-06-09 12:20:06,613 [Worker-93: Building workspace] INFO  o.e.m.c.i.embedder.EclipseLogger - skip non existing resourceDirectory C:\udemy\JavaUdemyThreads\git-ws\java-ws\10Scheduling\src\main\resources
2020-06-09 12:20:06,613 [Worker-93: Building workspace] WARN  o.e.m.c.i.embedder.EclipseLogger - Using platform encoding (Cp1252 actually) to copy filtered resources, i.e. build is platform dependent!
2020-06-09 12:20:06,628 [Worker-93: Building workspace] INFO  o.e.m.c.i.embedder.EclipseLogger - skip non existing resourceDirectory C:\udemy\JavaUdemyThreads\git-ws\java-ws\10Scheduling\src\test\resources
2020-06-09 12:20:18,033 [Worker-91: Building workspace] WARN  o.e.m.c.i.embedder.EclipseLogger - Using platform encoding (Cp1252 actually) to copy filtered resources, i.e. build is platform dependent!
2020-06-09 12:20:18,043 [Worker-91: Building workspace] INFO  o.e.m.c.i.embedder.EclipseLogger - skip non existing resourceDirectory C:\udemy\JavaUdemyThreads\git-ws\java-ws\10Scheduling\src\main\resources
2020-06-09 12:20:18,043 [Worker-91: Building workspace] WARN  o.e.m.c.i.embedder.EclipseLogger - Using platform encoding (Cp1252 actually) to copy filtered resources, i.e. build is platform dependent!
2020-06-09 12:20:18,053 [Worker-91: Building workspace] INFO  o.e.m.c.i.embedder.EclipseLogger - skip non existing resourceDirectory C:\udemy\JavaUdemyThreads\git-ws\java-ws\10Scheduling\src\test\resources
2020-06-09 12:22:42,837 [Worker-91: Building workspace] WARN  o.e.m.c.i.embedder.EclipseLogger - Using platform encoding (Cp1252 actually) to copy filtered resources, i.e. build is platform dependent!
2020-06-09 12:22:42,869 [Worker-91: Building workspace] INFO  o.e.m.c.i.embedder.EclipseLogger - skip non existing resourceDirectory C:\udemy\JavaUdemyThreads\git-ws\java-ws\10Scheduling\src\main\resources
2020-06-09 12:22:42,869 [Worker-91: Building workspace] WARN  o.e.m.c.i.embedder.EclipseLogger - Using platform encoding (Cp1252 actually) to copy filtered resources, i.e. build is platform dependent!
2020-06-09 12:22:42,884 [Worker-91: Building workspace] INFO  o.e.m.c.i.embedder.EclipseLogger - skip non existing resourceDirectory C:\udemy\JavaUdemyThreads\git-ws\java-ws\10Scheduling\src\test\resources
2020-06-09 12:23:03,367 [Worker-81: Building workspace] WARN  o.e.m.c.i.embedder.EclipseLogger - Using platform encoding (Cp1252 actually) to copy filtered resources, i.e. build is platform dependent!
2020-06-09 12:23:03,382 [Worker-81: Building workspace] INFO  o.e.m.c.i.embedder.EclipseLogger - skip non existing resourceDirectory C:\udemy\JavaUdemyThreads\git-ws\java-ws\10Scheduling\src\main\resources
2020-06-09 12:23:03,382 [Worker-81: Building workspace] WARN  o.e.m.c.i.embedder.EclipseLogger - Using platform encoding (Cp1252 actually) to copy filtered resources, i.e. build is platform dependent!
2020-06-09 12:23:03,389 [Worker-81: Building workspace] INFO  o.e.m.c.i.embedder.EclipseLogger - skip non existing resourceDirectory C:\udemy\JavaUdemyThreads\git-ws\java-ws\10Scheduling\src\test\resources
2020-06-09 12:23:29,170 [Worker-93: Building workspace] WARN  o.e.m.c.i.embedder.EclipseLogger - Using platform encoding (Cp1252 actually) to copy filtered resources, i.e. build is platform dependent!
2020-06-09 12:23:29,185 [Worker-93: Building workspace] INFO  o.e.m.c.i.embedder.EclipseLogger - skip non existing resourceDirectory C:\udemy\JavaUdemyThreads\git-ws\java-ws\10Scheduling\src\main\resources
2020-06-09 12:23:29,185 [Worker-93: Building workspace] WARN  o.e.m.c.i.embedder.EclipseLogger - Using platform encoding (Cp1252 actually) to copy filtered resources, i.e. build is platform dependent!
2020-06-09 12:23:29,201 [Worker-93: Building workspace] INFO  o.e.m.c.i.embedder.EclipseLogger - skip non existing resourceDirectory C:\udemy\JavaUdemyThreads\git-ws\java-ws\10Scheduling\src\test\resources
2020-06-09 12:23:55,665 [Worker-83: Building workspace] WARN  o.e.m.c.i.embedder.EclipseLogger - Using platform encoding (Cp1252 actually) to copy filtered resources, i.e. build is platform dependent!
2020-06-09 12:23:55,665 [Worker-83: Building workspace] INFO  o.e.m.c.i.embedder.EclipseLogger - skip non existing resourceDirectory C:\udemy\JavaUdemyThreads\git-ws\java-ws\10Scheduling\src\main\resources
2020-06-09 12:23:55,665 [Worker-83: Building workspace] WARN  o.e.m.c.i.embedder.EclipseLogger - Using platform encoding (Cp1252 actually) to copy filtered resources, i.e. build is platform dependent!
2020-06-09 12:23:55,680 [Worker-83: Building workspace] INFO  o.e.m.c.i.embedder.EclipseLogger - skip non existing resourceDirectory C:\udemy\JavaUdemyThreads\git-ws\java-ws\10Scheduling\src\test\resources
2020-06-09 12:25:06,110 [Worker-92: Building workspace] WARN  o.e.m.c.i.embedder.EclipseLogger - Using platform encoding (Cp1252 actually) to copy filtered resources, i.e. build is platform dependent!
2020-06-09 12:25:06,120 [Worker-92: Building workspace] INFO  o.e.m.c.i.embedder.EclipseLogger - skip non existing resourceDirectory C:\udemy\JavaUdemyThreads\git-ws\java-ws\10Scheduling\src\main\resources
